{"meta": {"format": 3, "version": "7.10.7", "timestamp": "2025-09-26T21:40:38.325732", "branch_coverage": false, "show_contexts": false}, "files": {"app/__init__.py": {"executed_lines": [0], "summary": {"covered_lines": 0, "num_statements": 0, "percent_covered": 100.0, "percent_covered_display": "100.00", "missing_lines": 0, "excluded_lines": 0}, "missing_lines": [], "excluded_lines": [], "functions": {"": {"executed_lines": [], "summary": {"covered_lines": 0, "num_statements": 0, "percent_covered": 100.0, "percent_covered_display": "100.00", "missing_lines": 0, "excluded_lines": 0}, "missing_lines": [], "excluded_lines": []}}, "classes": {"": {"executed_lines": [], "summary": {"covered_lines": 0, "num_statements": 0, "percent_covered": 100.0, "percent_covered_display": "100.00", "missing_lines": 0, "excluded_lines": 0}, "missing_lines": [], "excluded_lines": []}}}, "app/api/__init__.py": {"executed_lines": [0], "summary": {"covered_lines": 0, "num_statements": 0, "percent_covered": 100.0, "percent_covered_display": "100.00", "missing_lines": 0, "excluded_lines": 0}, "missing_lines": [], "excluded_lines": [], "functions": {"": {"executed_lines": [], "summary": {"covered_lines": 0, "num_statements": 0, "percent_covered": 100.0, "percent_covered_display": "100.00", "missing_lines": 0, "excluded_lines": 0}, "missing_lines": [], "excluded_lines": []}}, "classes": {"": {"executed_lines": [], "summary": {"covered_lines": 0, "num_statements": 0, "percent_covered": 100.0, "percent_covered_display": "100.00", "missing_lines": 0, "excluded_lines": 0}, "missing_lines": [], "excluded_lines": []}}}, "app/api/v1/__init__.py": {"executed_lines": [0], "summary": {"covered_lines": 0, "num_statements": 0, "percent_covered": 100.0, "percent_covered_display": "100.00", "missing_lines": 0, "excluded_lines": 0}, "missing_lines": [], "excluded_lines": [], "functions": {"": {"executed_lines": [], "summary": {"covered_lines": 0, "num_statements": 0, "percent_covered": 100.0, "percent_covered_display": "100.00", "missing_lines": 0, "excluded_lines": 0}, "missing_lines": [], "excluded_lines": []}}, "classes": {"": {"executed_lines": [], "summary": {"covered_lines": 0, "num_statements": 0, "percent_covered": 100.0, "percent_covered_display": "100.00", "missing_lines": 0, "excluded_lines": 0}, "missing_lines": [], "excluded_lines": []}}}, "app/api/v1/endpoints/__init__.py": {"executed_lines": [0], "summary": {"covered_lines": 0, "num_statements": 0, "percent_covered": 100.0, "percent_covered_display": "100.00", "missing_lines": 0, "excluded_lines": 0}, "missing_lines": [], "excluded_lines": [], "functions": {"": {"executed_lines": [], "summary": {"covered_lines": 0, "num_statements": 0, "percent_covered": 100.0, "percent_covered_display": "100.00", "missing_lines": 0, "excluded_lines": 0}, "missing_lines": [], "excluded_lines": []}}, "classes": {"": {"executed_lines": [], "summary": {"covered_lines": 0, "num_statements": 0, "percent_covered": 100.0, "percent_covered_display": "100.00", "missing_lines": 0, "excluded_lines": 0}, "missing_lines": [], "excluded_lines": []}}}, "app/api/v1/endpoints/ingestion.py": {"executed_lines": [1, 5, 7, 9, 11, 12, 13, 20, 22, 24, 27, 34, 35, 40, 41, 88, 89, 137, 138], "summary": {"covered_lines": 18, "num_statements": 83, "percent_covered": 21.686746987951807, "percent_covered_display": "21.69", "missing_lines": 65, "excluded_lines": 0}, "missing_lines": [37, 45, 46, 48, 49, 51, 52, 53, 56, 60, 63, 64, 65, 67, 68, 70, 71, 72, 73, 75, 77, 83, 84, 85, 93, 95, 96, 98, 99, 100, 101, 102, 105, 109, 112, 113, 114, 116, 117, 119, 120, 121, 122, 124, 126, 132, 133, 134, 142, 143, 144, 147, 159, 161, 162, 164, 165, 166, 167, 168, 170, 180, 182, 183, 184], "excluded_lines": [], "functions": {"get_ingestion_status": {"executed_lines": [], "summary": {"covered_lines": 0, "num_statements": 1, "percent_covered": 0.0, "percent_covered_display": "0.00", "missing_lines": 1, "excluded_lines": 0}, "missing_lines": [37], "excluded_lines": []}, "ingest_reddit": {"executed_lines": [], "summary": {"covered_lines": 0, "num_statements": 8, "percent_covered": 0.0, "percent_covered_display": "0.00", "missing_lines": 8, "excluded_lines": 0}, "missing_lines": [45, 46, 48, 75, 77, 83, 84, 85], "excluded_lines": []}, "ingest_reddit.collect_reddit_data": {"executed_lines": [], "summary": {"covered_lines": 0, "num_statements": 15, "percent_covered": 0.0, "percent_covered_display": "0.00", "missing_lines": 15, "excluded_lines": 0}, "missing_lines": [49, 51, 52, 53, 56, 60, 63, 64, 65, 67, 68, 70, 71, 72, 73], "excluded_lines": []}, "test_ingestion": {"executed_lines": [], "summary": {"covered_lines": 0, "num_statements": 9, "percent_covered": 0.0, "percent_covered_display": "0.00", "missing_lines": 9, "excluded_lines": 0}, "missing_lines": [93, 95, 96, 98, 124, 126, 132, 133, 134], "excluded_lines": []}, "test_ingestion.collect_test_data": {"executed_lines": [], "summary": {"covered_lines": 0, "num_statements": 15, "percent_covered": 0.0, "percent_covered_display": "0.00", "missing_lines": 15, "excluded_lines": 0}, "missing_lines": [99, 100, 101, 102, 105, 109, 112, 113, 114, 116, 117, 119, 120, 121, 122], "excluded_lines": []}, "get_data_summary": {"executed_lines": [], "summary": {"covered_lines": 0, "num_statements": 17, "percent_covered": 0.0, "percent_covered_display": "0.00", "missing_lines": 17, "excluded_lines": 0}, "missing_lines": [142, 143, 144, 147, 159, 161, 162, 164, 165, 166, 167, 168, 170, 180, 182, 183, 184], "excluded_lines": []}, "": {"executed_lines": [1, 5, 7, 9, 11, 12, 13, 20, 22, 24, 27, 34, 35, 40, 41, 88, 89, 137, 138], "summary": {"covered_lines": 18, "num_statements": 18, "percent_covered": 100.0, "percent_covered_display": "100.00", "missing_lines": 0, "excluded_lines": 0}, "missing_lines": [], "excluded_lines": []}}, "classes": {"": {"executed_lines": [1, 5, 7, 9, 11, 12, 13, 20, 22, 24, 27, 34, 35, 40, 41, 88, 89, 137, 138], "summary": {"covered_lines": 18, "num_statements": 83, "percent_covered": 21.686746987951807, "percent_covered_display": "21.69", "missing_lines": 65, "excluded_lines": 0}, "missing_lines": [37, 45, 46, 48, 49, 51, 52, 53, 56, 60, 63, 64, 65, 67, 68, 70, 71, 72, 73, 75, 77, 83, 84, 85, 93, 95, 96, 98, 99, 100, 101, 102, 105, 109, 112, 113, 114, 116, 117, 119, 120, 121, 122, 124, 126, 132, 133, 134, 142, 143, 144, 147, 159, 161, 162, 164, 165, 166, 167, 168, 170, 180, 182, 183, 184], "excluded_lines": []}}}, "app/api/v1/endpoints/mock.py": {"executed_lines": [], "summary": {"covered_lines": 0, "num_statements": 23, "percent_covered": 0.0, "percent_covered_display": "0.00", "missing_lines": 23, "excluded_lines": 0}, "missing_lines": [6, 7, 9, 11, 14, 15, 18, 27, 28, 29, 60, 62, 65, 66, 69, 84, 85, 86, 124, 126, 129, 130, 132], "excluded_lines": [], "functions": {"get_mock_trending_stories": {"executed_lines": [], "summary": {"covered_lines": 0, "num_statements": 6, "percent_covered": 0.0, "percent_covered_display": "0.00", "missing_lines": 6, "excluded_lines": 0}, "missing_lines": [18, 27, 28, 29, 60, 62], "excluded_lines": []}, "get_mock_live_trends": {"executed_lines": [], "summary": {"covered_lines": 0, "num_statements": 6, "percent_covered": 0.0, "percent_covered_display": "0.00", "missing_lines": 6, "excluded_lines": 0}, "missing_lines": [69, 84, 85, 86, 124, 126], "excluded_lines": []}, "mock_health_check": {"executed_lines": [], "summary": {"covered_lines": 0, "num_statements": 1, "percent_covered": 0.0, "percent_covered_display": "0.00", "missing_lines": 1, "excluded_lines": 0}, "missing_lines": [132], "excluded_lines": []}, "": {"executed_lines": [], "summary": {"covered_lines": 0, "num_statements": 10, "percent_covered": 0.0, "percent_covered_display": "0.00", "missing_lines": 10, "excluded_lines": 0}, "missing_lines": [6, 7, 9, 11, 14, 15, 65, 66, 129, 130], "excluded_lines": []}}, "classes": {"": {"executed_lines": [], "summary": {"covered_lines": 0, "num_statements": 23, "percent_covered": 0.0, "percent_covered_display": "0.00", "missing_lines": 23, "excluded_lines": 0}, "missing_lines": [6, 7, 9, 11, 14, 15, 18, 27, 28, 29, 60, 62, 65, 66, 69, 84, 85, 86, 124, 126, 129, 130, 132], "excluded_lines": []}}}, "app/api/v1/endpoints/sources.py": {"executed_lines": [1, 5, 7, 9, 11, 12, 13, 15, 18, 21, 22, 43, 44, 56, 57, 70, 71], "summary": {"covered_lines": 16, "num_statements": 31, "percent_covered": 51.61290322580645, "percent_covered_display": "51.61", "missing_lines": 15, "excluded_lines": 0}, "missing_lines": [16, 37, 38, 49, 50, 51, 52, 53, 63, 64, 65, 66, 67, 75, 76], "excluded_lines": [], "functions": {"get_sources": {"executed_lines": [], "summary": {"covered_lines": 0, "num_statements": 2, "percent_covered": 0.0, "percent_covered_display": "0.00", "missing_lines": 2, "excluded_lines": 0}, "missing_lines": [37, 38], "excluded_lines": []}, "get_source": {"executed_lines": [], "summary": {"covered_lines": 0, "num_statements": 5, "percent_covered": 0.0, "percent_covered_display": "0.00", "missing_lines": 5, "excluded_lines": 0}, "missing_lines": [49, 50, 51, 52, 53], "excluded_lines": []}, "get_source_credibility_history": {"executed_lines": [], "summary": {"covered_lines": 0, "num_statements": 5, "percent_covered": 0.0, "percent_covered_display": "0.00", "missing_lines": 5, "excluded_lines": 0}, "missing_lines": [63, 64, 65, 66, 67], "excluded_lines": []}, "get_platform_stats": {"executed_lines": [], "summary": {"covered_lines": 0, "num_statements": 2, "percent_covered": 0.0, "percent_covered_display": "0.00", "missing_lines": 2, "excluded_lines": 0}, "missing_lines": [75, 76], "excluded_lines": []}, "": {"executed_lines": [1, 5, 7, 9, 11, 12, 13, 15, 18, 21, 22, 43, 44, 56, 57, 70, 71], "summary": {"covered_lines": 16, "num_statements": 17, "percent_covered": 94.11764705882354, "percent_covered_display": "94.12", "missing_lines": 1, "excluded_lines": 0}, "missing_lines": [16], "excluded_lines": []}}, "classes": {"": {"executed_lines": [1, 5, 7, 9, 11, 12, 13, 15, 18, 21, 22, 43, 44, 56, 57, 70, 71], "summary": {"covered_lines": 16, "num_statements": 31, "percent_covered": 51.61290322580645, "percent_covered_display": "51.61", "missing_lines": 15, "excluded_lines": 0}, "missing_lines": [16, 37, 38, 49, 50, 51, 52, 53, 63, 64, 65, 66, 67, 75, 76], "excluded_lines": []}}}, "app/api/v1/endpoints/stories.py": {"executed_lines": [1, 5, 7, 9, 11, 12, 13, 15, 20, 23, 24, 45, 46, 59, 60, 72, 73, 85, 86], "summary": {"covered_lines": 18, "num_statements": 39, "percent_covered": 46.15384615384615, "percent_covered_display": "46.15", "missing_lines": 21, "excluded_lines": 0}, "missing_lines": [16, 18, 39, 40, 55, 56, 65, 66, 67, 68, 69, 78, 79, 80, 81, 82, 91, 92, 93, 94, 95], "excluded_lines": [], "functions": {"get_stories": {"executed_lines": [], "summary": {"covered_lines": 0, "num_statements": 2, "percent_covered": 0.0, "percent_covered_display": "0.00", "missing_lines": 2, "excluded_lines": 0}, "missing_lines": [39, 40], "excluded_lines": []}, "get_trending_stories": {"executed_lines": [], "summary": {"covered_lines": 0, "num_statements": 2, "percent_covered": 0.0, "percent_covered_display": "0.00", "missing_lines": 2, "excluded_lines": 0}, "missing_lines": [55, 56], "excluded_lines": []}, "get_story": {"executed_lines": [], "summary": {"covered_lines": 0, "num_statements": 5, "percent_covered": 0.0, "percent_covered_display": "0.00", "missing_lines": 5, "excluded_lines": 0}, "missing_lines": [65, 66, 67, 68, 69], "excluded_lines": []}, "get_story_trust_history": {"executed_lines": [], "summary": {"covered_lines": 0, "num_statements": 5, "percent_covered": 0.0, "percent_covered_display": "0.00", "missing_lines": 5, "excluded_lines": 0}, "missing_lines": [78, 79, 80, 81, 82], "excluded_lines": []}, "get_story_correlations": {"executed_lines": [], "summary": {"covered_lines": 0, "num_statements": 5, "percent_covered": 0.0, "percent_covered_display": "0.00", "missing_lines": 5, "excluded_lines": 0}, "missing_lines": [91, 92, 93, 94, 95], "excluded_lines": []}, "": {"executed_lines": [1, 5, 7, 9, 11, 12, 13, 15, 20, 23, 24, 45, 46, 59, 60, 72, 73, 85, 86], "summary": {"covered_lines": 18, "num_statements": 20, "percent_covered": 90.0, "percent_covered_display": "90.00", "missing_lines": 2, "excluded_lines": 0}, "missing_lines": [16, 18], "excluded_lines": []}}, "classes": {"": {"executed_lines": [1, 5, 7, 9, 11, 12, 13, 15, 20, 23, 24, 45, 46, 59, 60, 72, 73, 85, 86], "summary": {"covered_lines": 18, "num_statements": 39, "percent_covered": 46.15384615384615, "percent_covered_display": "46.15", "missing_lines": 21, "excluded_lines": 0}, "missing_lines": [16, 18, 39, 40, 55, 56, 65, 66, 67, 68, 69, 78, 79, 80, 81, 82, 91, 92, 93, 94, 95], "excluded_lines": []}}}, "app/api/v1/endpoints/trends.py": {"executed_lines": [1, 5, 7, 9, 11, 12, 13, 15, 20, 23, 24, 45, 46, 59, 60, 72, 73, 85, 86], "summary": {"covered_lines": 18, "num_statements": 39, "percent_covered": 46.15384615384615, "percent_covered_display": "46.15", "missing_lines": 21, "excluded_lines": 0}, "missing_lines": [16, 18, 39, 40, 55, 56, 65, 66, 67, 68, 69, 78, 79, 80, 81, 82, 91, 92, 93, 94, 95], "excluded_lines": [], "functions": {"get_trends": {"executed_lines": [], "summary": {"covered_lines": 0, "num_statements": 2, "percent_covered": 0.0, "percent_covered_display": "0.00", "missing_lines": 2, "excluded_lines": 0}, "missing_lines": [39, 40], "excluded_lines": []}, "get_live_trends": {"executed_lines": [], "summary": {"covered_lines": 0, "num_statements": 2, "percent_covered": 0.0, "percent_covered_display": "0.00", "missing_lines": 2, "excluded_lines": 0}, "missing_lines": [55, 56], "excluded_lines": []}, "get_trend": {"executed_lines": [], "summary": {"covered_lines": 0, "num_statements": 5, "percent_covered": 0.0, "percent_covered_display": "0.00", "missing_lines": 5, "excluded_lines": 0}, "missing_lines": [65, 66, 67, 68, 69], "excluded_lines": []}, "get_trend_evolution": {"executed_lines": [], "summary": {"covered_lines": 0, "num_statements": 5, "percent_covered": 0.0, "percent_covered_display": "0.00", "missing_lines": 5, "excluded_lines": 0}, "missing_lines": [78, 79, 80, 81, 82], "excluded_lines": []}, "get_trend_sources": {"executed_lines": [], "summary": {"covered_lines": 0, "num_statements": 5, "percent_covered": 0.0, "percent_covered_display": "0.00", "missing_lines": 5, "excluded_lines": 0}, "missing_lines": [91, 92, 93, 94, 95], "excluded_lines": []}, "": {"executed_lines": [1, 5, 7, 9, 11, 12, 13, 15, 20, 23, 24, 45, 46, 59, 60, 72, 73, 85, 86], "summary": {"covered_lines": 18, "num_statements": 20, "percent_covered": 90.0, "percent_covered_display": "90.00", "missing_lines": 2, "excluded_lines": 0}, "missing_lines": [16, 18], "excluded_lines": []}}, "classes": {"": {"executed_lines": [1, 5, 7, 9, 11, 12, 13, 15, 20, 23, 24, 45, 46, 59, 60, 72, 73, 85, 86], "summary": {"covered_lines": 18, "num_statements": 39, "percent_covered": 46.15384615384615, "percent_covered_display": "46.15", "missing_lines": 21, "excluded_lines": 0}, "missing_lines": [16, 18, 39, 40, 55, 56, 65, 66, 67, 68, 69, 78, 79, 80, 81, 82, 91, 92, 93, 94, 95], "excluded_lines": []}}}, "app/api/v1/endpoints/trust.py": {"executed_lines": [1, 8, 10, 11, 13, 14, 16, 17, 18, 19, 21, 24, 26, 29, 30, 32, 35, 36, 38, 43, 44, 46, 47, 50, 53, 54, 55, 60, 61, 63, 66, 69, 72, 73, 76, 77, 139, 140, 176, 177, 235, 236, 284, 285, 287, 292, 293], "summary": {"covered_lines": 41, "num_statements": 133, "percent_covered": 30.827067669172934, "percent_covered_display": "30.83", "missing_lines": 92, "excluded_lines": 0}, "missing_lines": [22, 87, 89, 90, 92, 93, 96, 97, 100, 101, 102, 103, 113, 120, 124, 130, 132, 133, 134, 135, 136, 148, 149, 150, 154, 155, 158, 159, 161, 167, 169, 170, 171, 172, 173, 188, 189, 190, 192, 193, 195, 197, 198, 201, 202, 203, 204, 213, 217, 219, 228, 229, 230, 231, 232, 247, 248, 251, 256, 258, 279, 280, 281, 302, 303, 304, 306, 307, 309, 310, 312, 313, 315, 316, 317, 318, 321, 324, 325, 326, 327, 338, 342, 350, 351, 353, 359, 366, 367, 368, 369, 370], "excluded_lines": [], "functions": {"calculate_trust_score": {"executed_lines": [], "summary": {"covered_lines": 0, "num_statements": 20, "percent_covered": 0.0, "percent_covered_display": "0.00", "missing_lines": 20, "excluded_lines": 0}, "missing_lines": [87, 89, 90, 92, 93, 96, 97, 100, 101, 102, 103, 113, 120, 124, 130, 132, 133, 134, 135, 136], "excluded_lines": []}, "detect_bots": {"executed_lines": [], "summary": {"covered_lines": 0, "num_statements": 14, "percent_covered": 0.0, "percent_covered_display": "0.00", "missing_lines": 14, "excluded_lines": 0}, "missing_lines": [148, 149, 150, 154, 155, 158, 159, 161, 167, 169, 170, 171, 172, 173], "excluded_lines": []}, "get_current_trust_score": {"executed_lines": [], "summary": {"covered_lines": 0, "num_statements": 20, "percent_covered": 0.0, "percent_covered_display": "0.00", "missing_lines": 20, "excluded_lines": 0}, "missing_lines": [188, 189, 190, 192, 193, 195, 197, 198, 201, 202, 203, 204, 213, 217, 219, 228, 229, 230, 231, 232], "excluded_lines": []}, "get_trust_leaderboard": {"executed_lines": [], "summary": {"covered_lines": 0, "num_statements": 8, "percent_covered": 0.0, "percent_covered_display": "0.00", "missing_lines": 8, "excluded_lines": 0}, "missing_lines": [247, 248, 251, 256, 258, 279, 280, 281], "excluded_lines": []}, "bulk_calculate_trust_scores": {"executed_lines": [], "summary": {"covered_lines": 0, "num_statements": 29, "percent_covered": 0.0, "percent_covered_display": "0.00", "missing_lines": 29, "excluded_lines": 0}, "missing_lines": [302, 303, 304, 306, 307, 309, 310, 312, 313, 315, 316, 317, 318, 321, 324, 325, 326, 327, 338, 342, 350, 351, 353, 359, 366, 367, 368, 369, 370], "excluded_lines": []}, "": {"executed_lines": [1, 8, 10, 11, 13, 14, 16, 17, 18, 19, 21, 24, 26, 29, 30, 32, 35, 36, 38, 43, 44, 46, 47, 50, 53, 54, 55, 60, 61, 63, 66, 69, 72, 73, 76, 77, 139, 140, 176, 177, 235, 236, 284, 285, 287, 292, 293], "summary": {"covered_lines": 41, "num_statements": 42, "percent_covered": 97.61904761904762, "percent_covered_display": "97.62", "missing_lines": 1, "excluded_lines": 0}, "missing_lines": [22], "excluded_lines": []}}, "classes": {"TrustScoreRequest": {"executed_lines": [], "summary": {"covered_lines": 0, "num_statements": 0, "percent_covered": 100.0, "percent_covered_display": "100.00", "missing_lines": 0, "excluded_lines": 0}, "missing_lines": [], "excluded_lines": []}, "BotDetectionRequest": {"executed_lines": [], "summary": {"covered_lines": 0, "num_statements": 0, "percent_covered": 100.0, "percent_covered_display": "100.00", "missing_lines": 0, "excluded_lines": 0}, "missing_lines": [], "excluded_lines": []}, "TrustScoreResponse": {"executed_lines": [], "summary": {"covered_lines": 0, "num_statements": 0, "percent_covered": 100.0, "percent_covered_display": "100.00", "missing_lines": 0, "excluded_lines": 0}, "missing_lines": [], "excluded_lines": []}, "BotDetectionResponse": {"executed_lines": [], "summary": {"covered_lines": 0, "num_statements": 0, "percent_covered": 100.0, "percent_covered_display": "100.00", "missing_lines": 0, "excluded_lines": 0}, "missing_lines": [], "excluded_lines": []}, "BulkCalculateRequest": {"executed_lines": [], "summary": {"covered_lines": 0, "num_statements": 0, "percent_covered": 100.0, "percent_covered_display": "100.00", "missing_lines": 0, "excluded_lines": 0}, "missing_lines": [], "excluded_lines": []}, "": {"executed_lines": [1, 8, 10, 11, 13, 14, 16, 17, 18, 19, 21, 24, 26, 29, 30, 32, 35, 36, 38, 43, 44, 46, 47, 50, 53, 54, 55, 60, 61, 63, 66, 69, 72, 73, 76, 77, 139, 140, 176, 177, 235, 236, 284, 285, 287, 292, 293], "summary": {"covered_lines": 41, "num_statements": 133, "percent_covered": 30.827067669172934, "percent_covered_display": "30.83", "missing_lines": 92, "excluded_lines": 0}, "missing_lines": [22, 87, 89, 90, 92, 93, 96, 97, 100, 101, 102, 103, 113, 120, 124, 130, 132, 133, 134, 135, 136, 148, 149, 150, 154, 155, 158, 159, 161, 167, 169, 170, 171, 172, 173, 188, 189, 190, 192, 193, 195, 197, 198, 201, 202, 203, 204, 213, 217, 219, 228, 229, 230, 231, 232, 247, 248, 251, 256, 258, 279, 280, 281, 302, 303, 304, 306, 307, 309, 310, 312, 313, 315, 316, 317, 318, 321, 324, 325, 326, 327, 338, 342, 350, 351, 353, 359, 366, 367, 368, 369, 370], "excluded_lines": []}}}, "app/api/v1/endpoints/websocket.py": {"executed_lines": [1, 5, 7, 8, 10, 11, 12, 15, 16, 32, 33, 48, 49], "summary": {"covered_lines": 12, "num_statements": 37, "percent_covered": 32.432432432432435, "percent_covered_display": "32.43", "missing_lines": 25, "excluded_lines": 0}, "missing_lines": [18, 19, 20, 22, 24, 27, 28, 29, 35, 36, 37, 38, 39, 40, 43, 44, 45, 51, 52, 53, 54, 55, 58, 59, 60], "excluded_lines": [], "functions": {"websocket_trends": {"executed_lines": [], "summary": {"covered_lines": 0, "num_statements": 8, "percent_covered": 0.0, "percent_covered_display": "0.00", "missing_lines": 8, "excluded_lines": 0}, "missing_lines": [18, 19, 20, 22, 24, 27, 28, 29], "excluded_lines": []}, "websocket_story_updates": {"executed_lines": [], "summary": {"covered_lines": 0, "num_statements": 9, "percent_covered": 0.0, "percent_covered_display": "0.00", "missing_lines": 9, "excluded_lines": 0}, "missing_lines": [35, 36, 37, 38, 39, 40, 43, 44, 45], "excluded_lines": []}, "websocket_trust_scores": {"executed_lines": [], "summary": {"covered_lines": 0, "num_statements": 8, "percent_covered": 0.0, "percent_covered_display": "0.00", "missing_lines": 8, "excluded_lines": 0}, "missing_lines": [51, 52, 53, 54, 55, 58, 59, 60], "excluded_lines": []}, "": {"executed_lines": [1, 5, 7, 8, 10, 11, 12, 15, 16, 32, 33, 48, 49], "summary": {"covered_lines": 12, "num_statements": 12, "percent_covered": 100.0, "percent_covered_display": "100.00", "missing_lines": 0, "excluded_lines": 0}, "missing_lines": [], "excluded_lines": []}}, "classes": {"": {"executed_lines": [1, 5, 7, 8, 10, 11, 12, 15, 16, 32, 33, 48, 49], "summary": {"covered_lines": 12, "num_statements": 37, "percent_covered": 32.432432432432435, "percent_covered_display": "32.43", "missing_lines": 25, "excluded_lines": 0}, "missing_lines": [18, 19, 20, 22, 24, 27, 28, 29, 35, 36, 37, 38, 39, 40, 43, 44, 45, 51, 52, 53, 54, 55, 58, 59, 60], "excluded_lines": []}}}, "app/api/v1/endpoints/websocket_enhanced.py": {"executed_lines": [1, 5, 6, 8, 9, 11, 12, 15, 16, 22, 23, 29, 30, 75, 76, 84, 85, 93, 94, 103, 104, 112, 113], "summary": {"covered_lines": 22, "num_statements": 47, "percent_covered": 46.808510638297875, "percent_covered_display": "46.81", "missing_lines": 25, "excluded_lines": 0}, "missing_lines": [18, 19, 25, 26, 45, 46, 48, 51, 58, 59, 61, 62, 64, 65, 67, 68, 69, 70, 71, 72, 81, 90, 100, 109, 115], "excluded_lines": [], "functions": {"startup_event": {"executed_lines": [], "summary": {"covered_lines": 0, "num_statements": 2, "percent_covered": 0.0, "percent_covered_display": "0.00", "missing_lines": 2, "excluded_lines": 0}, "missing_lines": [18, 19], "excluded_lines": []}, "shutdown_event": {"executed_lines": [], "summary": {"covered_lines": 0, "num_statements": 2, "percent_covered": 0.0, "percent_covered_display": "0.00", "missing_lines": 2, "excluded_lines": 0}, "missing_lines": [25, 26], "excluded_lines": []}, "websocket_endpoint": {"executed_lines": [], "summary": {"covered_lines": 0, "num_statements": 16, "percent_covered": 0.0, "percent_covered_display": "0.00", "missing_lines": 16, "excluded_lines": 0}, "missing_lines": [45, 46, 48, 51, 58, 59, 61, 62, 64, 65, 67, 68, 69, 70, 71, 72], "excluded_lines": []}, "websocket_trends": {"executed_lines": [], "summary": {"covered_lines": 0, "num_statements": 1, "percent_covered": 0.0, "percent_covered_display": "0.00", "missing_lines": 1, "excluded_lines": 0}, "missing_lines": [81], "excluded_lines": []}, "websocket_stories": {"executed_lines": [], "summary": {"covered_lines": 0, "num_statements": 1, "percent_covered": 0.0, "percent_covered_display": "0.00", "missing_lines": 1, "excluded_lines": 0}, "missing_lines": [90], "excluded_lines": []}, "websocket_story_specific": {"executed_lines": [], "summary": {"covered_lines": 0, "num_statements": 1, "percent_covered": 0.0, "percent_covered_display": "0.00", "missing_lines": 1, "excluded_lines": 0}, "missing_lines": [100], "excluded_lines": []}, "websocket_trust_scores": {"executed_lines": [], "summary": {"covered_lines": 0, "num_statements": 1, "percent_covered": 0.0, "percent_covered_display": "0.00", "missing_lines": 1, "excluded_lines": 0}, "missing_lines": [109], "excluded_lines": []}, "websocket_stats": {"executed_lines": [], "summary": {"covered_lines": 0, "num_statements": 1, "percent_covered": 0.0, "percent_covered_display": "0.00", "missing_lines": 1, "excluded_lines": 0}, "missing_lines": [115], "excluded_lines": []}, "": {"executed_lines": [1, 5, 6, 8, 9, 11, 12, 15, 16, 22, 23, 29, 30, 75, 76, 84, 85, 93, 94, 103, 104, 112, 113], "summary": {"covered_lines": 22, "num_statements": 22, "percent_covered": 100.0, "percent_covered_display": "100.00", "missing_lines": 0, "excluded_lines": 0}, "missing_lines": [], "excluded_lines": []}}, "classes": {"": {"executed_lines": [1, 5, 6, 8, 9, 11, 12, 15, 16, 22, 23, 29, 30, 75, 76, 84, 85, 93, 94, 103, 104, 112, 113], "summary": {"covered_lines": 22, "num_statements": 47, "percent_covered": 46.808510638297875, "percent_covered_display": "46.81", "missing_lines": 25, "excluded_lines": 0}, "missing_lines": [18, 19, 25, 26, 45, 46, 48, 51, 58, 59, 61, 62, 64, 65, 67, 68, 69, 70, 71, 72, 81, 90, 100, 109, 115], "excluded_lines": []}}}, "app/api/v1/router.py": {"executed_lines": [1, 5, 7, 17, 20, 21, 22, 23, 24, 25, 26], "summary": {"covered_lines": 10, "num_statements": 10, "percent_covered": 100.0, "percent_covered_display": "100.00", "missing_lines": 0, "excluded_lines": 0}, "missing_lines": [], "excluded_lines": [], "functions": {"": {"executed_lines": [1, 5, 7, 17, 20, 21, 22, 23, 24, 25, 26], "summary": {"covered_lines": 10, "num_statements": 10, "percent_covered": 100.0, "percent_covered_display": "100.00", "missing_lines": 0, "excluded_lines": 0}, "missing_lines": [], "excluded_lines": []}}, "classes": {"": {"executed_lines": [1, 5, 7, 17, 20, 21, 22, 23, 24, 25, 26], "summary": {"covered_lines": 10, "num_statements": 10, "percent_covered": 100.0, "percent_covered_display": "100.00", "missing_lines": 0, "excluded_lines": 0}, "missing_lines": [], "excluded_lines": []}}}, "app/core/__init__.py": {"executed_lines": [0], "summary": {"covered_lines": 0, "num_statements": 0, "percent_covered": 100.0, "percent_covered_display": "100.00", "missing_lines": 0, "excluded_lines": 0}, "missing_lines": [], "excluded_lines": [], "functions": {"": {"executed_lines": [], "summary": {"covered_lines": 0, "num_statements": 0, "percent_covered": 100.0, "percent_covered_display": "100.00", "missing_lines": 0, "excluded_lines": 0}, "missing_lines": [], "excluded_lines": []}}, "classes": {"": {"executed_lines": [], "summary": {"covered_lines": 0, "num_statements": 0, "percent_covered": 100.0, "percent_covered_display": "100.00", "missing_lines": 0, "excluded_lines": 0}, "missing_lines": [], "excluded_lines": []}}}, "app/core/config.py": {"executed_lines": [1, 5, 7, 8, 11, 12, 15, 16, 19, 20, 23, 24, 25, 26, 29, 30, 31, 32, 35, 36, 37, 38, 41, 42, 43, 46, 47, 50, 51, 52, 54, 55, 56, 57, 58, 63, 66], "summary": {"covered_lines": 35, "num_statements": 38, "percent_covered": 92.10526315789474, "percent_covered_display": "92.11", "missing_lines": 3, "excluded_lines": 0}, "missing_lines": [59, 60, 61], "excluded_lines": [], "functions": {"Settings.parse_allowed_hosts": {"executed_lines": [57, 58], "summary": {"covered_lines": 2, "num_statements": 5, "percent_covered": 40.0, "percent_covered_display": "40.00", "missing_lines": 3, "excluded_lines": 0}, "missing_lines": [59, 60, 61], "excluded_lines": []}, "": {"executed_lines": [1, 5, 7, 8, 11, 12, 15, 16, 19, 20, 23, 24, 25, 26, 29, 30, 31, 32, 35, 36, 37, 38, 41, 42, 43, 46, 47, 50, 51, 52, 54, 55, 56, 63, 66], "summary": {"covered_lines": 33, "num_statements": 33, "percent_covered": 100.0, "percent_covered_display": "100.00", "missing_lines": 0, "excluded_lines": 0}, "missing_lines": [], "excluded_lines": []}}, "classes": {"Settings": {"executed_lines": [57, 58], "summary": {"covered_lines": 2, "num_statements": 5, "percent_covered": 40.0, "percent_covered_display": "40.00", "missing_lines": 3, "excluded_lines": 0}, "missing_lines": [59, 60, 61], "excluded_lines": []}, "": {"executed_lines": [1, 5, 7, 8, 11, 12, 15, 16, 19, 20, 23, 24, 25, 26, 29, 30, 31, 32, 35, 36, 37, 38, 41, 42, 43, 46, 47, 50, 51, 52, 54, 55, 56, 63, 66], "summary": {"covered_lines": 33, "num_statements": 33, "percent_covered": 100.0, "percent_covered_display": "100.00", "missing_lines": 0, "excluded_lines": 0}, "missing_lines": [], "excluded_lines": []}}}, "app/core/database.py": {"executed_lines": [1, 5, 7, 8, 9, 10, 11, 13, 16, 23, 27, 30, 31, 34, 37, 40, 49, 51, 54, 59, 64, 96], "summary": {"covered_lines": 21, "num_statements": 48, "percent_covered": 43.75, "percent_covered_display": "43.75", "missing_lines": 27, "excluded_lines": 0}, "missing_lines": [42, 43, 44, 46, 56, 61, 69, 70, 73, 76, 79, 81, 84, 87, 89, 91, 92, 93, 100, 101, 103, 104, 106, 107, 109, 110, 112], "excluded_lines": [], "functions": {"get_postgres_session": {"executed_lines": [], "summary": {"covered_lines": 0, "num_statements": 4, "percent_covered": 0.0, "percent_covered_display": "0.00", "missing_lines": 4, "excluded_lines": 0}, "missing_lines": [42, 43, 44, 46], "excluded_lines": []}, "get_mongodb_db": {"executed_lines": [51], "summary": {"covered_lines": 1, "num_statements": 1, "percent_covered": 100.0, "percent_covered_display": "100.00", "missing_lines": 0, "excluded_lines": 0}, "missing_lines": [], "excluded_lines": []}, "get_redis_client": {"executed_lines": [], "summary": {"covered_lines": 0, "num_statements": 1, "percent_covered": 0.0, "percent_covered_display": "0.00", "missing_lines": 1, "excluded_lines": 0}, "missing_lines": [56], "excluded_lines": []}, "get_elasticsearch_client": {"executed_lines": [], "summary": {"covered_lines": 0, "num_statements": 1, "percent_covered": 0.0, "percent_covered_display": "0.00", "missing_lines": 1, "excluded_lines": 0}, "missing_lines": [61], "excluded_lines": []}, "init_databases": {"executed_lines": [], "summary": {"covered_lines": 0, "num_statements": 12, "percent_covered": 0.0, "percent_covered_display": "0.00", "missing_lines": 12, "excluded_lines": 0}, "missing_lines": [69, 70, 73, 76, 79, 81, 84, 87, 89, 91, 92, 93], "excluded_lines": []}, "close_databases": {"executed_lines": [], "summary": {"covered_lines": 0, "num_statements": 9, "percent_covered": 0.0, "percent_covered_display": "0.00", "missing_lines": 9, "excluded_lines": 0}, "missing_lines": [100, 101, 103, 104, 106, 107, 109, 110, 112], "excluded_lines": []}, "": {"executed_lines": [1, 5, 7, 8, 9, 10, 11, 13, 16, 23, 27, 30, 31, 34, 37, 40, 49, 54, 59, 64, 96], "summary": {"covered_lines": 20, "num_statements": 20, "percent_covered": 100.0, "percent_covered_display": "100.00", "missing_lines": 0, "excluded_lines": 0}, "missing_lines": [], "excluded_lines": []}}, "classes": {"": {"executed_lines": [1, 5, 7, 8, 9, 10, 11, 13, 16, 23, 27, 30, 31, 34, 37, 40, 49, 51, 54, 59, 64, 96], "summary": {"covered_lines": 21, "num_statements": 48, "percent_covered": 43.75, "percent_covered_display": "43.75", "missing_lines": 27, "excluded_lines": 0}, "missing_lines": [42, 43, 44, 46, 56, 61, 69, 70, 73, 76, 79, 81, 84, 87, 89, 91, 92, 93, 100, 101, 103, 104, 106, 107, 109, 110, 112], "excluded_lines": []}}}, "app/core/logging.py": {"executed_lines": [1, 5, 6, 8, 9, 11, 14, 68, 70], "summary": {"covered_lines": 8, "num_statements": 13, "percent_covered": 61.53846153846154, "percent_covered_display": "61.54", "missing_lines": 5, "excluded_lines": 0}, "missing_lines": [18, 54, 61, 62, 63], "excluded_lines": [], "functions": {"setup_logging": {"executed_lines": [], "summary": {"covered_lines": 0, "num_statements": 5, "percent_covered": 0.0, "percent_covered_display": "0.00", "missing_lines": 5, "excluded_lines": 0}, "missing_lines": [18, 54, 61, 62, 63], "excluded_lines": []}, "get_logger": {"executed_lines": [70], "summary": {"covered_lines": 1, "num_statements": 1, "percent_covered": 100.0, "percent_covered_display": "100.00", "missing_lines": 0, "excluded_lines": 0}, "missing_lines": [], "excluded_lines": []}, "": {"executed_lines": [1, 5, 6, 8, 9, 11, 14, 68], "summary": {"covered_lines": 7, "num_statements": 7, "percent_covered": 100.0, "percent_covered_display": "100.00", "missing_lines": 0, "excluded_lines": 0}, "missing_lines": [], "excluded_lines": []}}, "classes": {"": {"executed_lines": [1, 5, 6, 8, 9, 11, 14, 68, 70], "summary": {"covered_lines": 8, "num_statements": 13, "percent_covered": 61.53846153846154, "percent_covered_display": "61.54", "missing_lines": 5, "excluded_lines": 0}, "missing_lines": [18, 54, 61, 62, 63], "excluded_lines": []}}}, "app/main.py": {"executed_lines": [1, 5, 7, 8, 9, 11, 12, 13, 14, 17, 18, 28, 30, 40, 43, 46, 55, 57, 60, 63, 64, 69], "summary": {"covered_lines": 20, "num_statements": 25, "percent_covered": 80.0, "percent_covered_display": "80.00", "missing_lines": 5, "excluded_lines": 3}, "missing_lines": [21, 22, 23, 25, 66], "excluded_lines": [69, 70, 72], "functions": {"lifespan": {"executed_lines": [], "summary": {"covered_lines": 0, "num_statements": 4, "percent_covered": 0.0, "percent_covered_display": "0.00", "missing_lines": 4, "excluded_lines": 0}, "missing_lines": [21, 22, 23, 25], "excluded_lines": []}, "create_application": {"executed_lines": [30, 40, 43, 46, 55, 57], "summary": {"covered_lines": 6, "num_statements": 6, "percent_covered": 100.0, "percent_covered_display": "100.00", "missing_lines": 0, "excluded_lines": 0}, "missing_lines": [], "excluded_lines": []}, "health_check": {"executed_lines": [], "summary": {"covered_lines": 0, "num_statements": 1, "percent_covered": 0.0, "percent_covered_display": "0.00", "missing_lines": 1, "excluded_lines": 0}, "missing_lines": [66], "excluded_lines": []}, "": {"executed_lines": [1, 5, 7, 8, 9, 11, 12, 13, 14, 17, 18, 28, 60, 63, 64, 69], "summary": {"covered_lines": 14, "num_statements": 14, "percent_covered": 100.0, "percent_covered_display": "100.00", "missing_lines": 0, "excluded_lines": 3}, "missing_lines": [], "excluded_lines": [69, 70, 72]}}, "classes": {"": {"executed_lines": [1, 5, 7, 8, 9, 11, 12, 13, 14, 17, 18, 28, 30, 40, 43, 46, 55, 57, 60, 63, 64, 69], "summary": {"covered_lines": 20, "num_statements": 25, "percent_covered": 80.0, "percent_covered_display": "80.00", "missing_lines": 5, "excluded_lines": 3}, "missing_lines": [21, 22, 23, 25, 66], "excluded_lines": [69, 70, 72]}}}, "app/models/__init__.py": {"executed_lines": [0], "summary": {"covered_lines": 0, "num_statements": 0, "percent_covered": 100.0, "percent_covered_display": "100.00", "missing_lines": 0, "excluded_lines": 0}, "missing_lines": [], "excluded_lines": [], "functions": {"": {"executed_lines": [], "summary": {"covered_lines": 0, "num_statements": 0, "percent_covered": 100.0, "percent_covered_display": "100.00", "missing_lines": 0, "excluded_lines": 0}, "missing_lines": [], "excluded_lines": []}}, "classes": {"": {"executed_lines": [], "summary": {"covered_lines": 0, "num_statements": 0, "percent_covered": 100.0, "percent_covered_display": "100.00", "missing_lines": 0, "excluded_lines": 0}, "missing_lines": [], "excluded_lines": []}}}, "app/models/mongo_models.py": {"executed_lines": [], "summary": {"covered_lines": 0, "num_statements": 69, "percent_covered": 0.0, "percent_covered_display": "0.00", "missing_lines": 69, "excluded_lines": 0}, "missing_lines": [5, 7, 8, 10, 11, 14, 17, 18, 19, 20, 21, 22, 23, 24, 25, 26, 27, 28, 29, 30, 31, 32, 33, 35, 36, 39, 42, 43, 44, 45, 46, 47, 48, 49, 50, 51, 52, 53, 54, 55, 57, 58, 61, 64, 65, 66, 67, 68, 69, 70, 71, 72, 73, 74, 76, 77, 80, 83, 84, 85, 86, 87, 88, 90, 91, 95, 107, 117, 125], "excluded_lines": [], "functions": {"": {"executed_lines": [], "summary": {"covered_lines": 0, "num_statements": 69, "percent_covered": 0.0, "percent_covered_display": "0.00", "missing_lines": 69, "excluded_lines": 0}, "missing_lines": [5, 7, 8, 10, 11, 14, 17, 18, 19, 20, 21, 22, 23, 24, 25, 26, 27, 28, 29, 30, 31, 32, 33, 35, 36, 39, 42, 43, 44, 45, 46, 47, 48, 49, 50, 51, 52, 53, 54, 55, 57, 58, 61, 64, 65, 66, 67, 68, 69, 70, 71, 72, 73, 74, 76, 77, 80, 83, 84, 85, 86, 87, 88, 90, 91, 95, 107, 117, 125], "excluded_lines": []}}, "classes": {"SocialMediaPost": {"executed_lines": [], "summary": {"covered_lines": 0, "num_statements": 0, "percent_covered": 100.0, "percent_covered_display": "100.00", "missing_lines": 0, "excluded_lines": 0}, "missing_lines": [], "excluded_lines": []}, "SocialMediaPost.Config": {"executed_lines": [], "summary": {"covered_lines": 0, "num_statements": 0, "percent_covered": 100.0, "percent_covered_display": "100.00", "missing_lines": 0, "excluded_lines": 0}, "missing_lines": [], "excluded_lines": []}, "NewsArticle": {"executed_lines": [], "summary": {"covered_lines": 0, "num_statements": 0, "percent_covered": 100.0, "percent_covered_display": "100.00", "missing_lines": 0, "excluded_lines": 0}, "missing_lines": [], "excluded_lines": []}, "NewsArticle.Config": {"executed_lines": [], "summary": {"covered_lines": 0, "num_statements": 0, "percent_covered": 100.0, "percent_covered_display": "100.00", "missing_lines": 0, "excluded_lines": 0}, "missing_lines": [], "excluded_lines": []}, "ProcessingQueue": {"executed_lines": [], "summary": {"covered_lines": 0, "num_statements": 0, "percent_covered": 100.0, "percent_covered_display": "100.00", "missing_lines": 0, "excluded_lines": 0}, "missing_lines": [], "excluded_lines": []}, "ProcessingQueue.Config": {"executed_lines": [], "summary": {"covered_lines": 0, "num_statements": 0, "percent_covered": 100.0, "percent_covered_display": "100.00", "missing_lines": 0, "excluded_lines": 0}, "missing_lines": [], "excluded_lines": []}, "EmbeddingVector": {"executed_lines": [], "summary": {"covered_lines": 0, "num_statements": 0, "percent_covered": 100.0, "percent_covered_display": "100.00", "missing_lines": 0, "excluded_lines": 0}, "missing_lines": [], "excluded_lines": []}, "EmbeddingVector.Config": {"executed_lines": [], "summary": {"covered_lines": 0, "num_statements": 0, "percent_covered": 100.0, "percent_covered_display": "100.00", "missing_lines": 0, "excluded_lines": 0}, "missing_lines": [], "excluded_lines": []}, "": {"executed_lines": [], "summary": {"covered_lines": 0, "num_statements": 69, "percent_covered": 0.0, "percent_covered_display": "0.00", "missing_lines": 69, "excluded_lines": 0}, "missing_lines": [5, 7, 8, 10, 11, 14, 17, 18, 19, 20, 21, 22, 23, 24, 25, 26, 27, 28, 29, 30, 31, 32, 33, 35, 36, 39, 42, 43, 44, 45, 46, 47, 48, 49, 50, 51, 52, 53, 54, 55, 57, 58, 61, 64, 65, 66, 67, 68, 69, 70, 71, 72, 73, 74, 76, 77, 80, 83, 84, 85, 86, 87, 88, 90, 91, 95, 107, 117, 125], "excluded_lines": []}}}, "app/models/sql_models.py": {"executed_lines": [1, 5, 7, 18, 19, 20, 22, 25, 26, 28, 30, 31, 34, 35, 36, 37, 38, 39, 40, 41, 44, 45, 48, 49, 51, 53, 54, 55, 56, 57, 58, 59, 60, 61, 62, 65, 66, 67, 70, 71, 73, 75, 76, 77, 78, 79, 80, 81, 82, 83, 84, 85, 88, 89, 92, 93, 95, 97, 98, 99, 100, 101, 102, 103, 104, 105, 106, 107, 110, 111, 114, 115, 117, 119, 120, 121, 124, 125, 126, 127, 130, 133, 134, 136, 138, 139, 140, 141, 142, 143, 144, 145, 148, 151, 152, 154, 156, 157, 158, 159, 160, 163], "summary": {"covered_lines": 94, "num_statements": 94, "percent_covered": 100.0, "percent_covered_display": "100.00", "missing_lines": 0, "excluded_lines": 0}, "missing_lines": [], "excluded_lines": [], "functions": {"": {"executed_lines": [1, 5, 7, 18, 19, 20, 22, 25, 26, 28, 30, 31, 34, 35, 36, 37, 38, 39, 40, 41, 44, 45, 48, 49, 51, 53, 54, 55, 56, 57, 58, 59, 60, 61, 62, 65, 66, 67, 70, 71, 73, 75, 76, 77, 78, 79, 80, 81, 82, 83, 84, 85, 88, 89, 92, 93, 95, 97, 98, 99, 100, 101, 102, 103, 104, 105, 106, 107, 110, 111, 114, 115, 117, 119, 120, 121, 124, 125, 126, 127, 130, 133, 134, 136, 138, 139, 140, 141, 142, 143, 144, 145, 148, 151, 152, 154, 156, 157, 158, 159, 160, 163], "summary": {"covered_lines": 94, "num_statements": 94, "percent_covered": 100.0, "percent_covered_display": "100.00", "missing_lines": 0, "excluded_lines": 0}, "missing_lines": [], "excluded_lines": []}}, "classes": {"Source": {"executed_lines": [], "summary": {"covered_lines": 0, "num_statements": 0, "percent_covered": 100.0, "percent_covered_display": "100.00", "missing_lines": 0, "excluded_lines": 0}, "missing_lines": [], "excluded_lines": []}, "Story": {"executed_lines": [], "summary": {"covered_lines": 0, "num_statements": 0, "percent_covered": 100.0, "percent_covered_display": "100.00", "missing_lines": 0, "excluded_lines": 0}, "missing_lines": [], "excluded_lines": []}, "Trend": {"executed_lines": [], "summary": {"covered_lines": 0, "num_statements": 0, "percent_covered": 100.0, "percent_covered_display": "100.00", "missing_lines": 0, "excluded_lines": 0}, "missing_lines": [], "excluded_lines": []}, "Mention": {"executed_lines": [], "summary": {"covered_lines": 0, "num_statements": 0, "percent_covered": 100.0, "percent_covered_display": "100.00", "missing_lines": 0, "excluded_lines": 0}, "missing_lines": [], "excluded_lines": []}, "TrustSignal": {"executed_lines": [], "summary": {"covered_lines": 0, "num_statements": 0, "percent_covered": 100.0, "percent_covered_display": "100.00", "missing_lines": 0, "excluded_lines": 0}, "missing_lines": [], "excluded_lines": []}, "Correlation": {"executed_lines": [], "summary": {"covered_lines": 0, "num_statements": 0, "percent_covered": 100.0, "percent_covered_display": "100.00", "missing_lines": 0, "excluded_lines": 0}, "missing_lines": [], "excluded_lines": []}, "CredibilityHistory": {"executed_lines": [], "summary": {"covered_lines": 0, "num_statements": 0, "percent_covered": 100.0, "percent_covered_display": "100.00", "missing_lines": 0, "excluded_lines": 0}, "missing_lines": [], "excluded_lines": []}, "": {"executed_lines": [1, 5, 7, 18, 19, 20, 22, 25, 26, 28, 30, 31, 34, 35, 36, 37, 38, 39, 40, 41, 44, 45, 48, 49, 51, 53, 54, 55, 56, 57, 58, 59, 60, 61, 62, 65, 66, 67, 70, 71, 73, 75, 76, 77, 78, 79, 80, 81, 82, 83, 84, 85, 88, 89, 92, 93, 95, 97, 98, 99, 100, 101, 102, 103, 104, 105, 106, 107, 110, 111, 114, 115, 117, 119, 120, 121, 124, 125, 126, 127, 130, 133, 134, 136, 138, 139, 140, 141, 142, 143, 144, 145, 148, 151, 152, 154, 156, 157, 158, 159, 160, 163], "summary": {"covered_lines": 94, "num_statements": 94, "percent_covered": 100.0, "percent_covered_display": "100.00", "missing_lines": 0, "excluded_lines": 0}, "missing_lines": [], "excluded_lines": []}}}, "app/schemas/__init__.py": {"executed_lines": [0], "summary": {"covered_lines": 0, "num_statements": 0, "percent_covered": 100.0, "percent_covered_display": "100.00", "missing_lines": 0, "excluded_lines": 0}, "missing_lines": [], "excluded_lines": [], "functions": {"": {"executed_lines": [], "summary": {"covered_lines": 0, "num_statements": 0, "percent_covered": 100.0, "percent_covered_display": "100.00", "missing_lines": 0, "excluded_lines": 0}, "missing_lines": [], "excluded_lines": []}}, "classes": {"": {"executed_lines": [], "summary": {"covered_lines": 0, "num_statements": 0, "percent_covered": 100.0, "percent_covered_display": "100.00", "missing_lines": 0, "excluded_lines": 0}, "missing_lines": [], "excluded_lines": []}}}, "app/schemas/ingestion.py": {"executed_lines": [1, 5, 7, 8, 10, 13, 14, 16, 17, 18, 21, 22, 24, 27, 32, 33, 35, 36, 37, 40, 41, 43, 44, 47, 48, 50, 51, 52, 53, 54], "summary": {"covered_lines": 24, "num_statements": 24, "percent_covered": 100.0, "percent_covered_display": "100.00", "missing_lines": 0, "excluded_lines": 0}, "missing_lines": [], "excluded_lines": [], "functions": {"": {"executed_lines": [1, 5, 7, 8, 10, 13, 14, 16, 17, 18, 21, 22, 24, 27, 32, 33, 35, 36, 37, 40, 41, 43, 44, 47, 48, 50, 51, 52, 53, 54], "summary": {"covered_lines": 24, "num_statements": 24, "percent_covered": 100.0, "percent_covered_display": "100.00", "missing_lines": 0, "excluded_lines": 0}, "missing_lines": [], "excluded_lines": []}}, "classes": {"CollectorStatus": {"executed_lines": [], "summary": {"covered_lines": 0, "num_statements": 0, "percent_covered": 100.0, "percent_covered_display": "100.00", "missing_lines": 0, "excluded_lines": 0}, "missing_lines": [], "excluded_lines": []}, "IngestionRequest": {"executed_lines": [], "summary": {"covered_lines": 0, "num_statements": 0, "percent_covered": 100.0, "percent_covered_display": "100.00", "missing_lines": 0, "excluded_lines": 0}, "missing_lines": [], "excluded_lines": []}, "IngestionResponse": {"executed_lines": [], "summary": {"covered_lines": 0, "num_statements": 0, "percent_covered": 100.0, "percent_covered_display": "100.00", "missing_lines": 0, "excluded_lines": 0}, "missing_lines": [], "excluded_lines": []}, "IngestionStatus": {"executed_lines": [], "summary": {"covered_lines": 0, "num_statements": 0, "percent_covered": 100.0, "percent_covered_display": "100.00", "missing_lines": 0, "excluded_lines": 0}, "missing_lines": [], "excluded_lines": []}, "CollectedDataSummary": {"executed_lines": [], "summary": {"covered_lines": 0, "num_statements": 0, "percent_covered": 100.0, "percent_covered_display": "100.00", "missing_lines": 0, "excluded_lines": 0}, "missing_lines": [], "excluded_lines": []}, "": {"executed_lines": [1, 5, 7, 8, 10, 13, 14, 16, 17, 18, 21, 22, 24, 27, 32, 33, 35, 36, 37, 40, 41, 43, 44, 47, 48, 50, 51, 52, 53, 54], "summary": {"covered_lines": 24, "num_statements": 24, "percent_covered": 100.0, "percent_covered_display": "100.00", "missing_lines": 0, "excluded_lines": 0}, "missing_lines": [], "excluded_lines": []}}}, "app/schemas/source.py": {"executed_lines": [1, 5, 7, 9, 11, 16, 17, 20, 21, 23, 24, 25, 26, 27, 28, 29, 32, 33, 36, 37, 39, 40, 41, 42, 45, 46, 48, 49, 50, 52, 53, 56, 57, 59, 60, 61, 64, 65, 67, 68, 69, 70, 73, 74, 76, 77, 78, 79, 80, 83, 84, 86, 87, 88], "summary": {"covered_lines": 45, "num_statements": 47, "percent_covered": 95.74468085106383, "percent_covered_display": "95.74", "missing_lines": 2, "excluded_lines": 0}, "missing_lines": [12, 13], "excluded_lines": [], "functions": {"": {"executed_lines": [1, 5, 7, 9, 11, 16, 17, 20, 21, 23, 24, 25, 26, 27, 28, 29, 32, 33, 36, 37, 39, 40, 41, 42, 45, 46, 48, 49, 50, 52, 53, 56, 57, 59, 60, 61, 64, 65, 67, 68, 69, 70, 73, 74, 76, 77, 78, 79, 80, 83, 84, 86, 87, 88], "summary": {"covered_lines": 45, "num_statements": 47, "percent_covered": 95.74468085106383, "percent_covered_display": "95.74", "missing_lines": 2, "excluded_lines": 0}, "missing_lines": [12, 13], "excluded_lines": []}}, "classes": {"SourceBase": {"executed_lines": [], "summary": {"covered_lines": 0, "num_statements": 0, "percent_covered": 100.0, "percent_covered_display": "100.00", "missing_lines": 0, "excluded_lines": 0}, "missing_lines": [], "excluded_lines": []}, "SourceCreate": {"executed_lines": [], "summary": {"covered_lines": 0, "num_statements": 0, "percent_covered": 100.0, "percent_covered_display": "100.00", "missing_lines": 0, "excluded_lines": 0}, "missing_lines": [], "excluded_lines": []}, "SourceUpdate": {"executed_lines": [], "summary": {"covered_lines": 0, "num_statements": 0, "percent_covered": 100.0, "percent_covered_display": "100.00", "missing_lines": 0, "excluded_lines": 0}, "missing_lines": [], "excluded_lines": []}, "SourceResponse": {"executed_lines": [], "summary": {"covered_lines": 0, "num_statements": 0, "percent_covered": 100.0, "percent_covered_display": "100.00", "missing_lines": 0, "excluded_lines": 0}, "missing_lines": [], "excluded_lines": []}, "SourceResponse.Config": {"executed_lines": [], "summary": {"covered_lines": 0, "num_statements": 0, "percent_covered": 100.0, "percent_covered_display": "100.00", "missing_lines": 0, "excluded_lines": 0}, "missing_lines": [], "excluded_lines": []}, "CredibilityHistoryPoint": {"executed_lines": [], "summary": {"covered_lines": 0, "num_statements": 0, "percent_covered": 100.0, "percent_covered_display": "100.00", "missing_lines": 0, "excluded_lines": 0}, "missing_lines": [], "excluded_lines": []}, "CredibilityHistoryResponse": {"executed_lines": [], "summary": {"covered_lines": 0, "num_statements": 0, "percent_covered": 100.0, "percent_covered_display": "100.00", "missing_lines": 0, "excluded_lines": 0}, "missing_lines": [], "excluded_lines": []}, "PlatformStats": {"executed_lines": [], "summary": {"covered_lines": 0, "num_statements": 0, "percent_covered": 100.0, "percent_covered_display": "100.00", "missing_lines": 0, "excluded_lines": 0}, "missing_lines": [], "excluded_lines": []}, "PlatformStatsResponse": {"executed_lines": [], "summary": {"covered_lines": 0, "num_statements": 0, "percent_covered": 100.0, "percent_covered_display": "100.00", "missing_lines": 0, "excluded_lines": 0}, "missing_lines": [], "excluded_lines": []}, "": {"executed_lines": [1, 5, 7, 9, 11, 16, 17, 20, 21, 23, 24, 25, 26, 27, 28, 29, 32, 33, 36, 37, 39, 40, 41, 42, 45, 46, 48, 49, 50, 52, 53, 56, 57, 59, 60, 61, 64, 65, 67, 68, 69, 70, 73, 74, 76, 77, 78, 79, 80, 83, 84, 86, 87, 88], "summary": {"covered_lines": 45, "num_statements": 47, "percent_covered": 95.74468085106383, "percent_covered_display": "95.74", "missing_lines": 2, "excluded_lines": 0}, "missing_lines": [12, 13], "excluded_lines": []}}}, "app/schemas/story.py": {"executed_lines": [1, 5, 7, 9, 11, 16, 17, 20, 21, 23, 24, 25, 26, 27, 28, 31, 32, 34, 37, 38, 40, 41, 42, 43, 44, 47, 48, 50, 51, 52, 53, 55, 56, 59, 60, 62, 63, 64, 67, 68, 70, 71, 72, 73, 74, 75, 78, 79, 81, 82, 83, 84], "summary": {"covered_lines": 44, "num_statements": 46, "percent_covered": 95.65217391304348, "percent_covered_display": "95.65", "missing_lines": 2, "excluded_lines": 0}, "missing_lines": [12, 13], "excluded_lines": [], "functions": {"": {"executed_lines": [1, 5, 7, 9, 11, 16, 17, 20, 21, 23, 24, 25, 26, 27, 28, 31, 32, 34, 37, 38, 40, 41, 42, 43, 44, 47, 48, 50, 51, 52, 53, 55, 56, 59, 60, 62, 63, 64, 67, 68, 70, 71, 72, 73, 74, 75, 78, 79, 81, 82, 83, 84], "summary": {"covered_lines": 44, "num_statements": 46, "percent_covered": 95.65217391304348, "percent_covered_display": "95.65", "missing_lines": 2, "excluded_lines": 0}, "missing_lines": [12, 13], "excluded_lines": []}}, "classes": {"StoryBase": {"executed_lines": [], "summary": {"covered_lines": 0, "num_statements": 0, "percent_covered": 100.0, "percent_covered_display": "100.00", "missing_lines": 0, "excluded_lines": 0}, "missing_lines": [], "excluded_lines": []}, "StoryCreate": {"executed_lines": [], "summary": {"covered_lines": 0, "num_statements": 0, "percent_covered": 100.0, "percent_covered_display": "100.00", "missing_lines": 0, "excluded_lines": 0}, "missing_lines": [], "excluded_lines": []}, "StoryUpdate": {"executed_lines": [], "summary": {"covered_lines": 0, "num_statements": 0, "percent_covered": 100.0, "percent_covered_display": "100.00", "missing_lines": 0, "excluded_lines": 0}, "missing_lines": [], "excluded_lines": []}, "StoryResponse": {"executed_lines": [], "summary": {"covered_lines": 0, "num_statements": 0, "percent_covered": 100.0, "percent_covered_display": "100.00", "missing_lines": 0, "excluded_lines": 0}, "missing_lines": [], "excluded_lines": []}, "StoryResponse.Config": {"executed_lines": [], "summary": {"covered_lines": 0, "num_statements": 0, "percent_covered": 100.0, "percent_covered_display": "100.00", "missing_lines": 0, "excluded_lines": 0}, "missing_lines": [], "excluded_lines": []}, "TrustScoreHistory": {"executed_lines": [], "summary": {"covered_lines": 0, "num_statements": 0, "percent_covered": 100.0, "percent_covered_display": "100.00", "missing_lines": 0, "excluded_lines": 0}, "missing_lines": [], "excluded_lines": []}, "StoryCorrelation": {"executed_lines": [], "summary": {"covered_lines": 0, "num_statements": 0, "percent_covered": 100.0, "percent_covered_display": "100.00", "missing_lines": 0, "excluded_lines": 0}, "missing_lines": [], "excluded_lines": []}, "StoryCorrelationsResponse": {"executed_lines": [], "summary": {"covered_lines": 0, "num_statements": 0, "percent_covered": 100.0, "percent_covered_display": "100.00", "missing_lines": 0, "excluded_lines": 0}, "missing_lines": [], "excluded_lines": []}, "": {"executed_lines": [1, 5, 7, 9, 11, 16, 17, 20, 21, 23, 24, 25, 26, 27, 28, 31, 32, 34, 37, 38, 40, 41, 42, 43, 44, 47, 48, 50, 51, 52, 53, 55, 56, 59, 60, 62, 63, 64, 67, 68, 70, 71, 72, 73, 74, 75, 78, 79, 81, 82, 83, 84], "summary": {"covered_lines": 44, "num_statements": 46, "percent_covered": 95.65217391304348, "percent_covered_display": "95.65", "missing_lines": 2, "excluded_lines": 0}, "missing_lines": [12, 13], "excluded_lines": []}}}, "app/schemas/trend.py": {"executed_lines": [1, 5, 7, 9, 11, 16, 17, 20, 21, 23, 24, 25, 26, 27, 28, 31, 32, 34, 37, 38, 40, 41, 42, 43, 46, 47, 49, 50, 51, 52, 53, 55, 56, 59, 60, 62, 63, 64, 65, 68, 69, 71, 72, 73, 74, 75], "summary": {"covered_lines": 39, "num_statements": 41, "percent_covered": 95.1219512195122, "percent_covered_display": "95.12", "missing_lines": 2, "excluded_lines": 0}, "missing_lines": [12, 13], "excluded_lines": [], "functions": {"": {"executed_lines": [1, 5, 7, 9, 11, 16, 17, 20, 21, 23, 24, 25, 26, 27, 28, 31, 32, 34, 37, 38, 40, 41, 42, 43, 46, 47, 49, 50, 51, 52, 53, 55, 56, 59, 60, 62, 63, 64, 65, 68, 69, 71, 72, 73, 74, 75], "summary": {"covered_lines": 39, "num_statements": 41, "percent_covered": 95.1219512195122, "percent_covered_display": "95.12", "missing_lines": 2, "excluded_lines": 0}, "missing_lines": [12, 13], "excluded_lines": []}}, "classes": {"TrendBase": {"executed_lines": [], "summary": {"covered_lines": 0, "num_statements": 0, "percent_covered": 100.0, "percent_covered_display": "100.00", "missing_lines": 0, "excluded_lines": 0}, "missing_lines": [], "excluded_lines": []}, "TrendCreate": {"executed_lines": [], "summary": {"covered_lines": 0, "num_statements": 0, "percent_covered": 100.0, "percent_covered_display": "100.00", "missing_lines": 0, "excluded_lines": 0}, "missing_lines": [], "excluded_lines": []}, "TrendUpdate": {"executed_lines": [], "summary": {"covered_lines": 0, "num_statements": 0, "percent_covered": 100.0, "percent_covered_display": "100.00", "missing_lines": 0, "excluded_lines": 0}, "missing_lines": [], "excluded_lines": []}, "TrendResponse": {"executed_lines": [], "summary": {"covered_lines": 0, "num_statements": 0, "percent_covered": 100.0, "percent_covered_display": "100.00", "missing_lines": 0, "excluded_lines": 0}, "missing_lines": [], "excluded_lines": []}, "TrendResponse.Config": {"executed_lines": [], "summary": {"covered_lines": 0, "num_statements": 0, "percent_covered": 100.0, "percent_covered_display": "100.00", "missing_lines": 0, "excluded_lines": 0}, "missing_lines": [], "excluded_lines": []}, "TrendEvolution": {"executed_lines": [], "summary": {"covered_lines": 0, "num_statements": 0, "percent_covered": 100.0, "percent_covered_display": "100.00", "missing_lines": 0, "excluded_lines": 0}, "missing_lines": [], "excluded_lines": []}, "TrendSource": {"executed_lines": [], "summary": {"covered_lines": 0, "num_statements": 0, "percent_covered": 100.0, "percent_covered_display": "100.00", "missing_lines": 0, "excluded_lines": 0}, "missing_lines": [], "excluded_lines": []}, "": {"executed_lines": [1, 5, 7, 9, 11, 16, 17, 20, 21, 23, 24, 25, 26, 27, 28, 31, 32, 34, 37, 38, 40, 41, 42, 43, 46, 47, 49, 50, 51, 52, 53, 55, 56, 59, 60, 62, 63, 64, 65, 68, 69, 71, 72, 73, 74, 75], "summary": {"covered_lines": 39, "num_statements": 41, "percent_covered": 95.1219512195122, "percent_covered_display": "95.12", "missing_lines": 2, "excluded_lines": 0}, "missing_lines": [12, 13], "excluded_lines": []}}}, "app/services/__init__.py": {"executed_lines": [0], "summary": {"covered_lines": 0, "num_statements": 0, "percent_covered": 100.0, "percent_covered_display": "100.00", "missing_lines": 0, "excluded_lines": 0}, "missing_lines": [], "excluded_lines": [], "functions": {"": {"executed_lines": [], "summary": {"covered_lines": 0, "num_statements": 0, "percent_covered": 100.0, "percent_covered_display": "100.00", "missing_lines": 0, "excluded_lines": 0}, "missing_lines": [], "excluded_lines": []}}, "classes": {"": {"executed_lines": [], "summary": {"covered_lines": 0, "num_statements": 0, "percent_covered": 100.0, "percent_covered_display": "100.00", "missing_lines": 0, "excluded_lines": 0}, "missing_lines": [], "excluded_lines": []}}}, "app/services/ingestion/__init__.py": {"executed_lines": [0], "summary": {"covered_lines": 0, "num_statements": 0, "percent_covered": 100.0, "percent_covered_display": "100.00", "missing_lines": 0, "excluded_lines": 0}, "missing_lines": [], "excluded_lines": [], "functions": {"": {"executed_lines": [], "summary": {"covered_lines": 0, "num_statements": 0, "percent_covered": 100.0, "percent_covered_display": "100.00", "missing_lines": 0, "excluded_lines": 0}, "missing_lines": [], "excluded_lines": []}}, "classes": {"": {"executed_lines": [], "summary": {"covered_lines": 0, "num_statements": 0, "percent_covered": 100.0, "percent_covered_display": "100.00", "missing_lines": 0, "excluded_lines": 0}, "missing_lines": [], "excluded_lines": []}}}, "app/services/ingestion/ingestion_manager.py": {"executed_lines": [], "summary": {"covered_lines": 0, "num_statements": 142, "percent_covered": 0.0, "percent_covered_display": "0.00", "missing_lines": 142, "excluded_lines": 0}, "missing_lines": [5, 7, 8, 9, 11, 12, 13, 14, 15, 16, 18, 21, 24, 25, 26, 27, 28, 29, 30, 31, 33, 35, 36, 37, 38, 39, 41, 42, 44, 45, 46, 47, 49, 51, 52, 63, 64, 67, 74, 75, 76, 77, 78, 80, 82, 83, 85, 87, 88, 90, 94, 98, 99, 100, 101, 103, 104, 105, 108, 112, 116, 117, 118, 119, 121, 122, 123, 126, 127, 132, 134, 135, 136, 138, 140, 141, 143, 144, 146, 155, 157, 158, 160, 162, 163, 164, 165, 166, 169, 171, 172, 175, 185, 186, 190, 191, 192, 194, 198, 199, 200, 213, 214, 216, 218, 219, 221, 224, 225, 227, 231, 232, 234, 235, 237, 239, 240, 242, 244, 247, 249, 250, 252, 254, 255, 257, 260, 261, 263, 267, 269, 270, 272, 274, 275, 278, 291, 292, 296, 303, 304, 305], "excluded_lines": [], "functions": {"IngestionManager.__init__": {"executed_lines": [], "summary": {"covered_lines": 0, "num_statements": 7, "percent_covered": 0.0, "percent_covered_display": "0.00", "missing_lines": 7, "excluded_lines": 0}, "missing_lines": [25, 26, 27, 28, 29, 30, 31], "excluded_lines": []}, "IngestionManager.initialize": {"executed_lines": [], "summary": {"covered_lines": 0, "num_statements": 11, "percent_covered": 0.0, "percent_covered_display": "0.00", "missing_lines": 11, "excluded_lines": 0}, "missing_lines": [35, 36, 37, 38, 39, 41, 42, 44, 45, 46, 47], "excluded_lines": []}, "IngestionManager.start_collection": {"executed_lines": [], "summary": {"covered_lines": 0, "num_statements": 10, "percent_covered": 0.0, "percent_covered_display": "0.00", "missing_lines": 10, "excluded_lines": 0}, "missing_lines": [51, 52, 63, 64, 67, 74, 75, 76, 77, 78], "excluded_lines": []}, "IngestionManager.stop_collection": {"executed_lines": [], "summary": {"covered_lines": 0, "num_statements": 2, "percent_covered": 0.0, "percent_covered_display": "0.00", "missing_lines": 2, "excluded_lines": 0}, "missing_lines": [82, 83], "excluded_lines": []}, "IngestionManager._collect_social_media": {"executed_lines": [], "summary": {"covered_lines": 0, "num_statements": 26, "percent_covered": 0.0, "percent_covered_display": "0.00", "missing_lines": 26, "excluded_lines": 0}, "missing_lines": [87, 88, 90, 94, 98, 99, 100, 101, 103, 104, 105, 108, 112, 116, 117, 118, 119, 121, 122, 123, 126, 127, 132, 134, 135, 136], "excluded_lines": []}, "IngestionManager._queue_for_processing": {"executed_lines": [], "summary": {"covered_lines": 0, "num_statements": 8, "percent_covered": 0.0, "percent_covered_display": "0.00", "missing_lines": 8, "excluded_lines": 0}, "missing_lines": [140, 141, 143, 144, 146, 155, 157, 158], "excluded_lines": []}, "IngestionManager._process_collected_data": {"executed_lines": [], "summary": {"covered_lines": 0, "num_statements": 14, "percent_covered": 0.0, "percent_covered_display": "0.00", "missing_lines": 14, "excluded_lines": 0}, "missing_lines": [162, 163, 164, 165, 166, 169, 171, 172, 175, 185, 186, 190, 191, 192], "excluded_lines": []}, "IngestionManager._update_processed_data": {"executed_lines": [], "summary": {"covered_lines": 0, "num_statements": 5, "percent_covered": 0.0, "percent_covered_display": "0.00", "missing_lines": 5, "excluded_lines": 0}, "missing_lines": [198, 199, 200, 213, 214], "excluded_lines": []}, "IngestionManager._detect_trends": {"executed_lines": [], "summary": {"covered_lines": 0, "num_statements": 13, "percent_covered": 0.0, "percent_covered_display": "0.00", "missing_lines": 13, "excluded_lines": 0}, "missing_lines": [218, 219, 221, 224, 225, 227, 231, 232, 234, 235, 237, 239, 240], "excluded_lines": []}, "IngestionManager._store_trend": {"executed_lines": [], "summary": {"covered_lines": 0, "num_statements": 4, "percent_covered": 0.0, "percent_covered_display": "0.00", "missing_lines": 4, "excluded_lines": 0}, "missing_lines": [244, 247, 249, 250], "excluded_lines": []}, "IngestionManager._cleanup_old_data": {"executed_lines": [], "summary": {"covered_lines": 0, "num_statements": 9, "percent_covered": 0.0, "percent_covered_display": "0.00", "missing_lines": 9, "excluded_lines": 0}, "missing_lines": [254, 255, 257, 260, 261, 263, 267, 269, 270], "excluded_lines": []}, "IngestionManager.get_collection_stats": {"executed_lines": [], "summary": {"covered_lines": 0, "num_statements": 9, "percent_covered": 0.0, "percent_covered_display": "0.00", "missing_lines": 9, "excluded_lines": 0}, "missing_lines": [274, 275, 278, 291, 292, 296, 303, 304, 305], "excluded_lines": []}, "": {"executed_lines": [], "summary": {"covered_lines": 0, "num_statements": 24, "percent_covered": 0.0, "percent_covered_display": "0.00", "missing_lines": 24, "excluded_lines": 0}, "missing_lines": [5, 7, 8, 9, 11, 12, 13, 14, 15, 16, 18, 21, 24, 33, 49, 80, 85, 138, 160, 194, 216, 242, 252, 272], "excluded_lines": []}}, "classes": {"IngestionManager": {"executed_lines": [], "summary": {"covered_lines": 0, "num_statements": 118, "percent_covered": 0.0, "percent_covered_display": "0.00", "missing_lines": 118, "excluded_lines": 0}, "missing_lines": [25, 26, 27, 28, 29, 30, 31, 35, 36, 37, 38, 39, 41, 42, 44, 45, 46, 47, 51, 52, 63, 64, 67, 74, 75, 76, 77, 78, 82, 83, 87, 88, 90, 94, 98, 99, 100, 101, 103, 104, 105, 108, 112, 116, 117, 118, 119, 121, 122, 123, 126, 127, 132, 134, 135, 136, 140, 141, 143, 144, 146, 155, 157, 158, 162, 163, 164, 165, 166, 169, 171, 172, 175, 185, 186, 190, 191, 192, 198, 199, 200, 213, 214, 218, 219, 221, 224, 225, 227, 231, 232, 234, 235, 237, 239, 240, 244, 247, 249, 250, 254, 255, 257, 260, 261, 263, 267, 269, 270, 274, 275, 278, 291, 292, 296, 303, 304, 305], "excluded_lines": []}, "": {"executed_lines": [], "summary": {"covered_lines": 0, "num_statements": 24, "percent_covered": 0.0, "percent_covered_display": "0.00", "missing_lines": 24, "excluded_lines": 0}, "missing_lines": [5, 7, 8, 9, 11, 12, 13, 14, 15, 16, 18, 21, 24, 33, 49, 80, 85, 138, 160, 194, 216, 242, 252, 272], "excluded_lines": []}}}, "app/services/ingestion/news_collector.py": {"executed_lines": [], "summary": {"covered_lines": 0, "num_statements": 156, "percent_covered": 0.0, "percent_covered_display": "0.00", "missing_lines": 156, "excluded_lines": 0}, "missing_lines": [5, 7, 8, 9, 10, 12, 13, 14, 16, 17, 18, 20, 23, 26, 27, 30, 31, 34, 63, 65, 66, 67, 69, 73, 74, 76, 77, 79, 81, 82, 83, 86, 87, 90, 93, 94, 97, 98, 100, 103, 106, 108, 109, 110, 112, 115, 117, 121, 123, 124, 125, 127, 130, 131, 132, 134, 137, 138, 140, 144, 147, 148, 149, 156, 157, 158, 161, 162, 163, 166, 167, 168, 173, 198, 199, 200, 202, 205, 215, 226, 227, 228, 230, 231, 232, 234, 236, 240, 241, 242, 244, 245, 247, 249, 251, 252, 260, 261, 263, 265, 266, 267, 270, 271, 273, 277, 278, 280, 282, 286, 287, 288, 289, 291, 294, 295, 296, 300, 302, 318, 319, 320, 322, 324, 325, 327, 328, 330, 331, 333, 334, 336, 339, 341, 342, 344, 345, 347, 349, 350, 352, 354, 355, 363, 364, 366, 369, 373, 375, 376, 378, 379, 380, 382, 384, 385], "excluded_lines": [], "functions": {"NewsCollector.__init__": {"executed_lines": [], "summary": {"covered_lines": 0, "num_statements": 4, "percent_covered": 0.0, "percent_covered_display": "0.00", "missing_lines": 4, "excluded_lines": 0}, "missing_lines": [27, 30, 31, 34], "excluded_lines": []}, "NewsCollector.initialize": {"executed_lines": [], "summary": {"covered_lines": 0, "num_statements": 3, "percent_covered": 0.0, "percent_covered_display": "0.00", "missing_lines": 3, "excluded_lines": 0}, "missing_lines": [65, 66, 67], "excluded_lines": []}, "NewsCollector.collect_rss_feeds": {"executed_lines": [], "summary": {"covered_lines": 0, "num_statements": 23, "percent_covered": 0.0, "percent_covered_display": "0.00", "missing_lines": 23, "excluded_lines": 0}, "missing_lines": [73, 74, 76, 77, 79, 81, 82, 83, 86, 87, 90, 93, 94, 97, 98, 100, 103, 106, 108, 109, 110, 112, 115], "excluded_lines": []}, "NewsCollector._process_rss_entry": {"executed_lines": [], "summary": {"covered_lines": 0, "num_statements": 29, "percent_covered": 0.0, "percent_covered_display": "0.00", "missing_lines": 29, "excluded_lines": 0}, "missing_lines": [121, 123, 124, 125, 127, 130, 131, 132, 134, 137, 138, 140, 144, 147, 148, 149, 156, 157, 158, 161, 162, 163, 166, 167, 168, 173, 198, 199, 200], "excluded_lines": []}, "NewsCollector._get_source_credibility": {"executed_lines": [], "summary": {"covered_lines": 0, "num_statements": 9, "percent_covered": 0.0, "percent_covered_display": "0.00", "missing_lines": 9, "excluded_lines": 0}, "missing_lines": [205, 215, 226, 227, 228, 230, 231, 232, 234], "excluded_lines": []}, "NewsCollector.search_news_by_keywords": {"executed_lines": [], "summary": {"covered_lines": 0, "num_statements": 21, "percent_covered": 0.0, "percent_covered_display": "0.00", "missing_lines": 21, "excluded_lines": 0}, "missing_lines": [240, 241, 242, 244, 245, 247, 249, 251, 252, 260, 261, 263, 265, 266, 267, 270, 271, 273, 277, 278, 280], "excluded_lines": []}, "NewsCollector._process_newsapi_article": {"executed_lines": [], "summary": {"covered_lines": 0, "num_statements": 13, "percent_covered": 0.0, "percent_covered_display": "0.00", "missing_lines": 13, "excluded_lines": 0}, "missing_lines": [286, 287, 288, 289, 291, 294, 295, 296, 300, 302, 318, 319, 320], "excluded_lines": []}, "NewsCollector.store_articles": {"executed_lines": [], "summary": {"covered_lines": 0, "num_statements": 14, "percent_covered": 0.0, "percent_covered_display": "0.00", "missing_lines": 14, "excluded_lines": 0}, "missing_lines": [324, 325, 327, 328, 330, 331, 333, 334, 336, 339, 341, 342, 344, 345], "excluded_lines": []}, "NewsCollector.get_trending_topics": {"executed_lines": [], "summary": {"covered_lines": 0, "num_statements": 15, "percent_covered": 0.0, "percent_covered_display": "0.00", "missing_lines": 15, "excluded_lines": 0}, "missing_lines": [349, 350, 352, 354, 355, 363, 364, 366, 369, 373, 375, 376, 378, 379, 380], "excluded_lines": []}, "NewsCollector.cleanup": {"executed_lines": [], "summary": {"covered_lines": 0, "num_statements": 2, "percent_covered": 0.0, "percent_covered_display": "0.00", "missing_lines": 2, "excluded_lines": 0}, "missing_lines": [384, 385], "excluded_lines": []}, "": {"executed_lines": [], "summary": {"covered_lines": 0, "num_statements": 23, "percent_covered": 0.0, "percent_covered_display": "0.00", "missing_lines": 23, "excluded_lines": 0}, "missing_lines": [5, 7, 8, 9, 10, 12, 13, 14, 16, 17, 18, 20, 23, 26, 63, 69, 117, 202, 236, 282, 322, 347, 382], "excluded_lines": []}}, "classes": {"NewsCollector": {"executed_lines": [], "summary": {"covered_lines": 0, "num_statements": 133, "percent_covered": 0.0, "percent_covered_display": "0.00", "missing_lines": 133, "excluded_lines": 0}, "missing_lines": [27, 30, 31, 34, 65, 66, 67, 73, 74, 76, 77, 79, 81, 82, 83, 86, 87, 90, 93, 94, 97, 98, 100, 103, 106, 108, 109, 110, 112, 115, 121, 123, 124, 125, 127, 130, 131, 132, 134, 137, 138, 140, 144, 147, 148, 149, 156, 157, 158, 161, 162, 163, 166, 167, 168, 173, 198, 199, 200, 205, 215, 226, 227, 228, 230, 231, 232, 234, 240, 241, 242, 244, 245, 247, 249, 251, 252, 260, 261, 263, 265, 266, 267, 270, 271, 273, 277, 278, 280, 286, 287, 288, 289, 291, 294, 295, 296, 300, 302, 318, 319, 320, 324, 325, 327, 328, 330, 331, 333, 334, 336, 339, 341, 342, 344, 345, 349, 350, 352, 354, 355, 363, 364, 366, 369, 373, 375, 376, 378, 379, 380, 384, 385], "excluded_lines": []}, "": {"executed_lines": [], "summary": {"covered_lines": 0, "num_statements": 23, "percent_covered": 0.0, "percent_covered_display": "0.00", "missing_lines": 23, "excluded_lines": 0}, "missing_lines": [5, 7, 8, 9, 10, 12, 13, 14, 16, 17, 18, 20, 23, 26, 63, 69, 117, 202, 236, 282, 322, 347, 382], "excluded_lines": []}}}, "app/services/ingestion/reddit_collector.py": {"executed_lines": [1, 5, 7, 8, 9, 11, 13, 14, 15, 17, 20, 21, 23, 24, 25, 26, 27, 29, 31, 35, 41, 42, 44, 48, 51, 63, 65, 66, 67, 70, 71, 72, 73, 76, 81, 83, 84, 87, 89, 90, 92, 96, 99, 101, 102, 104, 108, 109, 110, 111, 113, 119, 120, 122, 124, 126, 130, 131, 132, 135, 138, 178, 180, 183, 184, 186, 188, 190, 191, 193, 195, 198, 202, 203, 204, 205, 211, 213, 238, 269, 273, 276, 278, 279, 280, 281, 297], "summary": {"covered_lines": 85, "num_statements": 138, "percent_covered": 61.594202898550726, "percent_covered_display": "61.59", "missing_lines": 53, "excluded_lines": 0}, "missing_lines": [32, 33, 49, 53, 77, 78, 79, 97, 115, 116, 117, 127, 174, 175, 176, 199, 208, 209, 215, 216, 218, 219, 221, 222, 224, 225, 227, 230, 232, 233, 235, 236, 242, 243, 245, 247, 248, 249, 250, 253, 254, 255, 256, 257, 258, 260, 261, 265, 267, 274, 291, 292, 295], "excluded_lines": [], "functions": {"RedditCollector.__init__": {"executed_lines": [24, 25, 26, 27], "summary": {"covered_lines": 4, "num_statements": 4, "percent_covered": 100.0, "percent_covered_display": "100.00", "missing_lines": 0, "excluded_lines": 0}, "missing_lines": [], "excluded_lines": []}, "RedditCollector.initialize": {"executed_lines": [31, 35, 41, 42], "summary": {"covered_lines": 4, "num_statements": 6, "percent_covered": 66.66666666666667, "percent_covered_display": "66.67", "missing_lines": 2, "excluded_lines": 0}, "missing_lines": [32, 33], "excluded_lines": []}, "RedditCollector.collect_trending_posts": {"executed_lines": [48, 51, 63, 65, 66, 67, 70, 71, 72, 73, 76, 81, 83, 84, 87, 89, 90], "summary": {"covered_lines": 17, "num_statements": 22, "percent_covered": 77.27272727272727, "percent_covered_display": "77.27", "missing_lines": 5, "excluded_lines": 0}, "missing_lines": [49, 53, 77, 78, 79], "excluded_lines": []}, "RedditCollector.collect_keyword_posts": {"executed_lines": [96, 99, 101, 102, 104, 108, 109, 110, 111, 113, 119, 120], "summary": {"covered_lines": 12, "num_statements": 16, "percent_covered": 75.0, "percent_covered_display": "75.00", "missing_lines": 4, "excluded_lines": 0}, "missing_lines": [97, 115, 116, 117], "excluded_lines": []}, "RedditCollector._process_post": {"executed_lines": [124, 126, 130, 131, 132, 135, 138], "summary": {"covered_lines": 7, "num_statements": 11, "percent_covered": 63.63636363636363, "percent_covered_display": "63.64", "missing_lines": 4, "excluded_lines": 0}, "missing_lines": [127, 174, 175, 176], "excluded_lines": []}, "RedditCollector._extract_hashtags": {"executed_lines": [180, 183, 184], "summary": {"covered_lines": 3, "num_statements": 3, "percent_covered": 100.0, "percent_covered_display": "100.00", "missing_lines": 0, "excluded_lines": 0}, "missing_lines": [], "excluded_lines": []}, "RedditCollector._extract_mentions": {"executed_lines": [188, 190, 191], "summary": {"covered_lines": 3, "num_statements": 3, "percent_covered": 100.0, "percent_covered_display": "100.00", "missing_lines": 0, "excluded_lines": 0}, "missing_lines": [], "excluded_lines": []}, "RedditCollector._extract_media_urls": {"executed_lines": [195, 198, 202, 203, 204, 205, 211], "summary": {"covered_lines": 7, "num_statements": 10, "percent_covered": 70.0, "percent_covered_display": "70.00", "missing_lines": 3, "excluded_lines": 0}, "missing_lines": [199, 208, 209], "excluded_lines": []}, "RedditCollector.store_posts": {"executed_lines": [], "summary": {"covered_lines": 0, "num_statements": 14, "percent_covered": 0.0, "percent_covered_display": "0.00", "missing_lines": 14, "excluded_lines": 0}, "missing_lines": [215, 216, 218, 219, 221, 222, 224, 225, 227, 230, 232, 233, 235, 236], "excluded_lines": []}, "RedditCollector.monitor_subreddits": {"executed_lines": [], "summary": {"covered_lines": 0, "num_statements": 17, "percent_covered": 0.0, "percent_covered_display": "0.00", "missing_lines": 17, "excluded_lines": 0}, "missing_lines": [242, 243, 245, 247, 248, 249, 250, 253, 254, 255, 256, 257, 258, 260, 261, 265, 267], "excluded_lines": []}, "RedditCollector.get_subreddit_info": {"executed_lines": [273, 276, 278, 279, 280, 281, 297], "summary": {"covered_lines": 7, "num_statements": 11, "percent_covered": 63.63636363636363, "percent_covered_display": "63.64", "missing_lines": 4, "excluded_lines": 0}, "missing_lines": [274, 291, 292, 295], "excluded_lines": []}, "": {"executed_lines": [1, 5, 7, 8, 9, 11, 13, 14, 15, 17, 20, 21, 23, 29, 44, 92, 122, 178, 186, 193, 213, 238, 269], "summary": {"covered_lines": 21, "num_statements": 21, "percent_covered": 100.0, "percent_covered_display": "100.00", "missing_lines": 0, "excluded_lines": 0}, "missing_lines": [], "excluded_lines": []}}, "classes": {"RedditCollector": {"executed_lines": [24, 25, 26, 27, 31, 35, 41, 42, 48, 51, 63, 65, 66, 67, 70, 71, 72, 73, 76, 81, 83, 84, 87, 89, 90, 96, 99, 101, 102, 104, 108, 109, 110, 111, 113, 119, 120, 124, 126, 130, 131, 132, 135, 138, 180, 183, 184, 188, 190, 191, 195, 198, 202, 203, 204, 205, 211, 273, 276, 278, 279, 280, 281, 297], "summary": {"covered_lines": 64, "num_statements": 117, "percent_covered": 54.7008547008547, "percent_covered_display": "54.70", "missing_lines": 53, "excluded_lines": 0}, "missing_lines": [32, 33, 49, 53, 77, 78, 79, 97, 115, 116, 117, 127, 174, 175, 176, 199, 208, 209, 215, 216, 218, 219, 221, 222, 224, 225, 227, 230, 232, 233, 235, 236, 242, 243, 245, 247, 248, 249, 250, 253, 254, 255, 256, 257, 258, 260, 261, 265, 267, 274, 291, 292, 295], "excluded_lines": []}, "": {"executed_lines": [1, 5, 7, 8, 9, 11, 13, 14, 15, 17, 20, 21, 23, 29, 44, 92, 122, 178, 186, 193, 213, 238, 269], "summary": {"covered_lines": 21, "num_statements": 21, "percent_covered": 100.0, "percent_covered_display": "100.00", "missing_lines": 0, "excluded_lines": 0}, "missing_lines": [], "excluded_lines": []}}}, "app/services/ingestion/twitter_collector.py": {"executed_lines": [1, 5, 7, 8, 9, 11, 13, 14, 15, 17, 20, 21, 23, 30, 42, 90, 133, 187, 212, 224], "summary": {"covered_lines": 18, "num_statements": 107, "percent_covered": 16.822429906542055, "percent_covered_display": "16.82", "missing_lines": 89, "excluded_lines": 0}, "missing_lines": [24, 25, 26, 27, 28, 32, 33, 34, 36, 39, 40, 46, 47, 49, 51, 52, 54, 56, 58, 73, 74, 75, 76, 79, 81, 84, 86, 87, 88, 94, 95, 97, 99, 100, 101, 102, 117, 118, 119, 120, 122, 124, 125, 128, 130, 131, 135, 137, 138, 140, 141, 144, 145, 146, 147, 148, 149, 150, 155, 183, 184, 185, 189, 190, 192, 193, 195, 196, 198, 199, 201, 204, 206, 207, 209, 210, 218, 219, 220, 221, 222, 226, 227, 229, 230, 231, 235, 236, 237], "excluded_lines": [], "functions": {"TwitterCollector.__init__": {"executed_lines": [], "summary": {"covered_lines": 0, "num_statements": 5, "percent_covered": 0.0, "percent_covered_display": "0.00", "missing_lines": 5, "excluded_lines": 0}, "missing_lines": [24, 25, 26, 27, 28], "excluded_lines": []}, "TwitterCollector.initialize": {"executed_lines": [], "summary": {"covered_lines": 0, "num_statements": 6, "percent_covered": 0.0, "percent_covered_display": "0.00", "missing_lines": 6, "excluded_lines": 0}, "missing_lines": [32, 33, 34, 36, 39, 40], "excluded_lines": []}, "TwitterCollector.collect_trending_tweets": {"executed_lines": [], "summary": {"covered_lines": 0, "num_statements": 18, "percent_covered": 0.0, "percent_covered_display": "0.00", "missing_lines": 18, "excluded_lines": 0}, "missing_lines": [46, 47, 49, 51, 52, 54, 56, 58, 73, 74, 75, 76, 79, 81, 84, 86, 87, 88], "excluded_lines": []}, "TwitterCollector.collect_keyword_tweets": {"executed_lines": [], "summary": {"covered_lines": 0, "num_statements": 17, "percent_covered": 0.0, "percent_covered_display": "0.00", "missing_lines": 17, "excluded_lines": 0}, "missing_lines": [94, 95, 97, 99, 100, 101, 102, 117, 118, 119, 120, 122, 124, 125, 128, 130, 131], "excluded_lines": []}, "TwitterCollector._process_tweet": {"executed_lines": [], "summary": {"covered_lines": 0, "num_statements": 16, "percent_covered": 0.0, "percent_covered_display": "0.00", "missing_lines": 16, "excluded_lines": 0}, "missing_lines": [135, 137, 138, 140, 141, 144, 145, 146, 147, 148, 149, 150, 155, 183, 184, 185], "excluded_lines": []}, "TwitterCollector.store_tweets": {"executed_lines": [], "summary": {"covered_lines": 0, "num_statements": 14, "percent_covered": 0.0, "percent_covered_display": "0.00", "missing_lines": 14, "excluded_lines": 0}, "missing_lines": [189, 190, 192, 193, 195, 196, 198, 199, 201, 204, 206, 207, 209, 210], "excluded_lines": []}, "TwitterCollector.stream_tweets": {"executed_lines": [], "summary": {"covered_lines": 0, "num_statements": 5, "percent_covered": 0.0, "percent_covered_display": "0.00", "missing_lines": 5, "excluded_lines": 0}, "missing_lines": [218, 219, 220, 221, 222], "excluded_lines": []}, "TwitterCollector.get_rate_limit_status": {"executed_lines": [], "summary": {"covered_lines": 0, "num_statements": 8, "percent_covered": 0.0, "percent_covered_display": "0.00", "missing_lines": 8, "excluded_lines": 0}, "missing_lines": [226, 227, 229, 230, 231, 235, 236, 237], "excluded_lines": []}, "": {"executed_lines": [1, 5, 7, 8, 9, 11, 13, 14, 15, 17, 20, 21, 23, 30, 42, 90, 133, 187, 212, 224], "summary": {"covered_lines": 18, "num_statements": 18, "percent_covered": 100.0, "percent_covered_display": "100.00", "missing_lines": 0, "excluded_lines": 0}, "missing_lines": [], "excluded_lines": []}}, "classes": {"TwitterCollector": {"executed_lines": [], "summary": {"covered_lines": 0, "num_statements": 89, "percent_covered": 0.0, "percent_covered_display": "0.00", "missing_lines": 89, "excluded_lines": 0}, "missing_lines": [24, 25, 26, 27, 28, 32, 33, 34, 36, 39, 40, 46, 47, 49, 51, 52, 54, 56, 58, 73, 74, 75, 76, 79, 81, 84, 86, 87, 88, 94, 95, 97, 99, 100, 101, 102, 117, 118, 119, 120, 122, 124, 125, 128, 130, 131, 135, 137, 138, 140, 141, 144, 145, 146, 147, 148, 149, 150, 155, 183, 184, 185, 189, 190, 192, 193, 195, 196, 198, 199, 201, 204, 206, 207, 209, 210, 218, 219, 220, 221, 222, 226, 227, 229, 230, 231, 235, 236, 237], "excluded_lines": []}, "": {"executed_lines": [1, 5, 7, 8, 9, 11, 13, 14, 15, 17, 20, 21, 23, 30, 42, 90, 133, 187, 212, 224], "summary": {"covered_lines": 18, "num_statements": 18, "percent_covered": 100.0, "percent_covered_display": "100.00", "missing_lines": 0, "excluded_lines": 0}, "missing_lines": [], "excluded_lines": []}}}, "app/services/processing/__init__.py": {"executed_lines": [0], "summary": {"covered_lines": 0, "num_statements": 0, "percent_covered": 100.0, "percent_covered_display": "100.00", "missing_lines": 0, "excluded_lines": 0}, "missing_lines": [], "excluded_lines": [], "functions": {"": {"executed_lines": [], "summary": {"covered_lines": 0, "num_statements": 0, "percent_covered": 100.0, "percent_covered_display": "100.00", "missing_lines": 0, "excluded_lines": 0}, "missing_lines": [], "excluded_lines": []}}, "classes
[...]
, "excluded_lines": []}, "StoryService.get_story_correlations": {"executed_lines": [], "summary": {"covered_lines": 0, "num_statements": 14, "percent_covered": 0.0, "percent_covered_display": "0.00", "missing_lines": 14, "excluded_lines": 0}, "missing_lines": [165, 166, 167, 169, 170, 173, 179, 180, 182, 195, 196, 202, 207, 211], "excluded_lines": []}, "StoryService.update_trust_score": {"executed_lines": [], "summary": {"covered_lines": 0, "num_statements": 13, "percent_covered": 0.0, "percent_covered_display": "0.00", "missing_lines": 13, "excluded_lines": 0}, "missing_lines": [224, 225, 226, 228, 229, 231, 232, 235, 236, 244, 246, 247, 248], "excluded_lines": []}, "": {"executed_lines": [1, 5, 7, 8, 10, 12, 13, 14, 22, 27, 30, 31, 33, 36, 62, 73, 83, 94, 159, 218], "summary": {"covered_lines": 18, "num_statements": 20, "percent_covered": 90.0, "percent_covered_display": "90.00", "missing_lines": 2, "excluded_lines": 0}, "missing_lines": [23, 25], "excluded_lines": []}}, "classes": {"StoryService": {"executed_lines": [], "summary": {"covered_lines": 0, "num_statements": 80, "percent_covered": 0.0, "percent_covered_display": "0.00", "missing_lines": 80, "excluded_lines": 0}, "missing_lines": [34, 45, 48, 49, 51, 52, 55, 57, 58, 60, 64, 69, 70, 71, 75, 76, 77, 79, 80, 81, 85, 87, 88, 89, 91, 92, 98, 99, 100, 102, 103, 106, 118, 119, 121, 122, 127, 128, 129, 130, 131, 132, 141, 142, 143, 145, 146, 148, 149, 150, 154, 155, 157, 165, 166, 167, 169, 170, 173, 179, 180, 182, 195, 196, 202, 207, 211, 224, 225, 226, 228, 229, 231, 232, 235, 236, 244, 246, 247, 248], "excluded_lines": []}, "": {"executed_lines": [1, 5, 7, 8, 10, 12, 13, 14, 22, 27, 30, 31, 33, 36, 62, 73, 83, 94, 159, 218], "summary": {"covered_lines": 18, "num_statements": 20, "percent_covered": 90.0, "percent_covered_display": "90.00", "missing_lines": 2, "excluded_lines": 0}, "missing_lines": [23, 25], "excluded_lines": []}}}, "app/services/trend_service.py": {"executed_lines": [1, 5, 7, 8, 10, 12, 13, 14, 16, 21, 24, 25, 27, 30, 64, 75, 85, 96, 151], "summary": {"covered_lines": 17, "num_statements": 83, "percent_covered": 20.481927710843372, "percent_covered_display": "20.48", "missing_lines": 66, "excluded_lines": 0}, "missing_lines": [17, 19, 28, 40, 47, 48, 51, 53, 54, 57, 59, 60, 62, 66, 71, 72, 73, 77, 78, 79, 81, 82, 83, 87, 89, 90, 91, 93, 94, 100, 101, 102, 104, 105, 108, 119, 120, 122, 123, 131, 132, 133, 134, 136, 137, 138, 139, 140, 141, 142, 144, 155, 156, 157, 159, 160, 163, 177, 178, 180, 181, 183, 208, 209, 219, 229], "excluded_lines": [], "functions": {"TrendService.__init__": {"executed_lines": [], "summary": {"covered_lines": 0, "num_statements": 1, "percent_covered": 0.0, "percent_covered_display": "0.00", "missing_lines": 1, "excluded_lines": 0}, "missing_lines": [28], "excluded_lines": []}, "TrendService.get_trending": {"executed_lines": [], "summary": {"covered_lines": 0, "num_statements": 10, "percent_covered": 0.0, "percent_covered_display": "0.00", "missing_lines": 10, "excluded_lines": 0}, "missing_lines": [40, 47, 48, 51, 53, 54, 57, 59, 60, 62], "excluded_lines": []}, "TrendService.get_live_trends": {"executed_lines": [], "summary": {"covered_lines": 0, "num_statements": 4, "percent_covered": 0.0, "percent_covered_display": "0.00", "missing_lines": 4, "excluded_lines": 0}, "missing_lines": [66, 71, 72, 73], "excluded_lines": []}, "TrendService.get_trend_by_id": {"executed_lines": [], "summary": {"covered_lines": 0, "num_statements": 6, "percent_covered": 0.0, "percent_covered_display": "0.00", "missing_lines": 6, "excluded_lines": 0}, "missing_lines": [77, 78, 79, 81, 82, 83], "excluded_lines": []}, "TrendService.create_trend": {"executed_lines": [], "summary": {"covered_lines": 0, "num_statements": 6, "percent_covered": 0.0, "percent_covered_display": "0.00", "missing_lines": 6, "excluded_lines": 0}, "missing_lines": [87, 89, 90, 91, 93, 94], "excluded_lines": []}, "TrendService.get_trend_evolution": {"executed_lines": [], "summary": {"covered_lines": 0, "num_statements": 22, "percent_covered": 0.0, "percent_covered_display": "0.00", "missing_lines": 22, "excluded_lines": 0}, "missing_lines": [100, 101, 102, 104, 105, 108, 119, 120, 122, 123, 131, 132, 133, 134, 136, 137, 138, 139, 140, 141, 142, 144], "excluded_lines": []}, "TrendService.get_trend_sources": {"executed_lines": [], "summary": {"covered_lines": 0, "num_statements": 15, "percent_covered": 0.0, "percent_covered_display": "0.00", "missing_lines": 15, "excluded_lines": 0}, "missing_lines": [155, 156, 157, 159, 160, 163, 177, 178, 180, 181, 183, 208, 209, 219, 229], "excluded_lines": []}, "": {"executed_lines": [1, 5, 7, 8, 10, 12, 13, 14, 16, 21, 24, 25, 27, 30, 64, 75, 85, 96, 151], "summary": {"covered_lines": 17, "num_statements": 19, "percent_covered": 89.47368421052632, "percent_covered_display": "89.47", "missing_lines": 2, "excluded_lines": 0}, "missing_lines": [17, 19], "excluded_lines": []}}, "classes": {"TrendService": {"executed_lines": [], "summary": {"covered_lines": 0, "num_statements": 64, "percent_covered": 0.0, "percent_covered_display": "0.00", "missing_lines": 64, "excluded_lines": 0}, "missing_lines": [28, 40, 47, 48, 51, 53, 54, 57, 59, 60, 62, 66, 71, 72, 73, 77, 78, 79, 81, 82, 83, 87, 89, 90, 91, 93, 94, 100, 101, 102, 104, 105, 108, 119, 120, 122, 123, 131, 132, 133, 134, 136, 137, 138, 139, 140, 141, 142, 144, 155, 156, 157, 159, 160, 163, 177, 178, 180, 181, 183, 208, 209, 219, 229], "excluded_lines": []}, "": {"executed_lines": [1, 5, 7, 8, 10, 12, 13, 14, 16, 21, 24, 25, 27, 30, 64, 75, 85, 96, 151], "summary": {"covered_lines": 17, "num_statements": 19, "percent_covered": 89.47368421052632, "percent_covered_display": "89.47", "missing_lines": 2, "excluded_lines": 0}, "missing_lines": [17, 19], "excluded_lines": []}}}, "app/services/websocket_manager.py": {"executed_lines": [1, 5, 7, 8, 9, 10, 11, 12, 14, 15, 17, 18, 19, 21, 24, 27, 28, 30, 41, 42, 48, 49, 52, 53, 55, 56, 57, 58, 59, 60, 61, 63, 81, 106, 153, 162, 192, 216, 269, 283, 299, 318, 333, 355, 388, 397, 418, 434, 450, 469], "summary": {"covered_lines": 47, "num_statements": 240, "percent_covered": 19.583333333333332, "percent_covered_display": "19.58", "missing_lines": 193, "excluded_lines": 0}, "missing_lines": [22, 31, 32, 33, 34, 35, 36, 37, 38, 65, 66, 68, 69, 70, 71, 72, 73, 74, 75, 77, 78, 79, 83, 84, 86, 87, 88, 89, 90, 91, 92, 94, 96, 97, 98, 99, 100, 101, 102, 103, 104, 117, 119, 120, 121, 123, 126, 127, 129, 130, 133, 141, 143, 147, 149, 150, 151, 155, 156, 160, 164, 165, 166, 168, 169, 170, 173, 174, 175, 176, 179, 184, 185, 186, 187, 188, 189, 190, 194, 195, 196, 199, 200, 201, 202, 205, 207, 208, 209, 210, 212, 220, 221, 222, 225, 226, 231, 233, 234, 235, 237, 239, 241, 243, 244, 245, 247, 249, 250, 251, 255, 261, 262, 266, 267, 271, 272, 274, 276, 277, 278, 280, 281, 285, 286, 287, 289, 290, 291, 293, 301, 302, 303, 305, 306, 307, 309, 310, 312, 320, 321, 323, 324, 325, 327, 328, 329, 330, 331, 338, 339, 340, 345, 349, 350, 353, 362, 363, 365, 367, 368, 369, 371, 372, 374, 375, 376, 378, 379, 380, 381, 382, 385, 386, 390, 395, 404, 413, 416, 420, 421, 428, 431, 432, 436, 453, 454, 457, 458, 459, 462, 463, 465], "excluded_lines": [], "functions": {"ConnectionInfo.__init__": {"executed_lines": [], "summary": {"covered_lines": 0, "num_statements": 8, "percent_covered": 0.0, "percent_covered_display": "0.00", "missing_lines": 8, "excluded_lines": 0}, "missing_lines": [31, 32, 33, 34, 35, 36, 37, 38], "excluded_lines": []}, "EnhancedWebSocketManager.__init__": {"executed_lines": [56, 57, 58, 59, 60, 61], "summary": {"covered_lines": 6, "num_statements": 6, "percent_covered": 100.0, "percent_covered_display": "100.00", "missing_lines": 0, "excluded_lines": 0}, "missing_lines": [], "excluded_lines": []}, "EnhancedWebSocketManager.initialize": {"executed_lines": [], "summary": {"covered_lines": 0, "num_statements": 13, "percent_covered": 0.0, "percent_covered_display": "0.00", "missing_lines": 13, "excluded_lines": 0}, "missing_lines": [65, 66, 68, 69, 70, 71, 72, 73, 74, 75, 77, 78, 79], "excluded_lines": []}, "EnhancedWebSocketManager._redis_listener": {"executed_lines": [], "summary": {"covered_lines": 0, "num_statements": 19, "percent_covered": 0.0, "percent_covered_display": "0.00", "missing_lines": 19, "excluded_lines": 0}, "missing_lines": [83, 84, 86, 87, 88, 89, 90, 91, 92, 94, 96, 97, 98, 99, 100, 101, 102, 103, 104], "excluded_lines": []}, "EnhancedWebSocketManager.connect": {"executed_lines": [], "summary": {"covered_lines": 0, "num_statements": 16, "percent_covered": 0.0, "percent_covered_display": "0.00", "missing_lines": 16, "excluded_lines": 0}, "missing_lines": [117, 119, 120, 121, 123, 126, 127, 129, 130, 133, 141, 143, 147, 149, 150, 151], "excluded_lines": []}, "EnhancedWebSocketManager._authenticate": {"executed_lines": [], "summary": {"covered_lines": 0, "num_statements": 3, "percent_covered": 0.0, "percent_covered_display": "0.00", "missing_lines": 3, "excluded_lines": 0}, "missing_lines": [155, 156, 160], "excluded_lines": []}, "EnhancedWebSocketManager._heartbeat_handler": {"executed_lines": [], "summary": {"covered_lines": 0, "num_statements": 18, "percent_covered": 0.0, "percent_covered_display": "0.00", "missing_lines": 18, "excluded_lines": 0}, "missing_lines": [164, 165, 166, 168, 169, 170, 173, 174, 175, 176, 179, 184, 185, 186, 187, 188, 189, 190], "excluded_lines": []}, "EnhancedWebSocketManager.disconnect": {"executed_lines": [], "summary": {"covered_lines": 0, "num_statements": 13, "percent_covered": 0.0, "percent_covered_display": "0.00", "missing_lines": 13, "excluded_lines": 0}, "missing_lines": [194, 195, 196, 199, 200, 201, 202, 205, 207, 208, 209, 210, 212], "excluded_lines": []}, "EnhancedWebSocketManager.handle_message": {"executed_lines": [], "summary": {"covered_lines": 0, "num_statements": 24, "percent_covered": 0.0, "percent_covered_display": "0.00", "missing_lines": 24, "excluded_lines": 0}, "missing_lines": [220, 221, 222, 225, 226, 231, 233, 234, 235, 237, 239, 241, 243, 244, 245, 247, 249, 250, 251, 255, 261, 262, 266, 267], "excluded_lines": []}, "EnhancedWebSocketManager._check_rate_limit": {"executed_lines": [], "summary": {"covered_lines": 0, "num_statements": 8, "percent_covered": 0.0, "percent_covered_display": "0.00", "missing_lines": 8, "excluded_lines": 0}, "missing_lines": [271, 272, 274, 276, 277, 278, 280, 281], "excluded_lines": []}, "EnhancedWebSocketManager.subscribe_to_channel": {"executed_lines": [], "summary": {"covered_lines": 0, "num_statements": 7, "percent_covered": 0.0, "percent_covered_display": "0.00", "missing_lines": 7, "excluded_lines": 0}, "missing_lines": [285, 286, 287, 289, 290, 291, 293], "excluded_lines": []}, "EnhancedWebSocketManager.unsubscribe_from_channel": {"executed_lines": [], "summary": {"covered_lines": 0, "num_statements": 9, "percent_covered": 0.0, "percent_covered_display": "0.00", "missing_lines": 9, "excluded_lines": 0}, "missing_lines": [301, 302, 303, 305, 306, 307, 309, 310, 312], "excluded_lines": []}, "EnhancedWebSocketManager.send_direct": {"executed_lines": [], "summary": {"covered_lines": 0, "num_statements": 10, "percent_covered": 0.0, "percent_covered_display": "0.00", "missing_lines": 10, "excluded_lines": 0}, "missing_lines": [320, 321, 323, 324, 325, 327, 328, 329, 330, 331], "excluded_lines": []}, "EnhancedWebSocketManager.broadcast": {"executed_lines": [], "summary": {"covered_lines": 0, "num_statements": 7, "percent_covered": 0.0, "percent_covered_display": "0.00", "missing_lines": 7, "excluded_lines": 0}, "missing_lines": [338, 339, 340, 345, 349, 350, 353], "excluded_lines": []}, "EnhancedWebSocketManager._local_broadcast": {"executed_lines": [], "summary": {"covered_lines": 0, "num_statements": 18, "percent_covered": 0.0, "percent_covered_display": "0.00", "missing_lines": 18, "excluded_lines": 0}, "missing_lines": [362, 363, 365, 367, 368, 369, 371, 372, 374, 375, 376, 378, 379, 380, 381, 382, 385, 386], "excluded_lines": []}, "EnhancedWebSocketManager.broadcast_trend_update": {"executed_lines": [], "summary": {"covered_lines": 0, "num_statements": 2, "percent_covered": 0.0, "percent_covered_display": "0.00", "missing_lines": 2, "excluded_lines": 0}, "missing_lines": [390, 395], "excluded_lines": []}, "EnhancedWebSocketManager.broadcast_trust_score_update": {"executed_lines": [], "summary": {"covered_lines": 0, "num_statements": 3, "percent_covered": 0.0, "percent_covered_display": "0.00", "missing_lines": 3, "excluded_lines": 0}, "missing_lines": [404, 413, 416], "excluded_lines": []}, "EnhancedWebSocketManager.broadcast_story_update": {"executed_lines": [], "summary": {"covered_lines": 0, "num_statements": 5, "percent_covered": 0.0, "percent_covered_display": "0.00", "missing_lines": 5, "excluded_lines": 0}, "missing_lines": [420, 421, 428, 431, 432], "excluded_lines": []}, "EnhancedWebSocketManager.get_stats": {"executed_lines": [], "summary": {"covered_lines": 0, "num_statements": 1, "percent_covered": 0.0, "percent_covered_display": "0.00", "missing_lines": 1, "excluded_lines": 0}, "missing_lines": [436], "excluded_lines": []}, "EnhancedWebSocketManager.cleanup": {"executed_lines": [], "summary": {"covered_lines": 0, "num_statements": 8, "percent_covered": 0.0, "percent_covered_display": "0.00", "missing_lines": 8, "excluded_lines": 0}, "missing_lines": [453, 454, 457, 458, 459, 462, 463, 465], "excluded_lines": []}, "": {"executed_lines": [1, 5, 7, 8, 9, 10, 11, 12, 14, 15, 17, 18, 19, 21, 24, 27, 28, 30, 41, 42, 48, 49, 52, 53, 55, 63, 81, 106, 153, 162, 192, 216, 269, 283, 299, 318, 333, 355, 388, 397, 418, 434, 450, 469], "summary": {"covered_lines": 41, "num_statements": 42, "percent_covered": 97.61904761904762, "percent_covered_display": "97.62", "missing_lines": 1, "excluded_lines": 0}, "missing_lines": [22], "excluded_lines": []}}, "classes": {"ConnectionInfo": {"executed_lines": [], "summary": {"covered_lines": 0, "num_statements": 8, "percent_covered": 0.0, "percent_covered_display": "0.00", "missing_lines": 8, "excluded_lines": 0}, "missing_lines": [31, 32, 33, 34, 35, 36, 37, 38], "excluded_lines": []}, "EnhancedWebSocketManager": {"executed_lines": [56, 57, 58, 59, 60, 61], "summary": {"covered_lines": 6, "num_statements": 190, "percent_covered": 3.1578947368421053, "percent_covered_display": "3.16", "missing_lines": 184, "excluded_lines": 0}, "missing_lines": [65, 66, 68, 69, 70, 71, 72, 73, 74, 75, 77, 78, 79, 83, 84, 86, 87, 88, 89, 90, 91, 92, 94, 96, 97, 98, 99, 100, 101, 102, 103, 104, 117, 119, 120, 121, 123, 126, 127, 129, 130, 133, 141, 143, 147, 149, 150, 151, 155, 156, 160, 164, 165, 166, 168, 169, 170, 173, 174, 175, 176, 179, 184, 185, 186, 187, 188, 189, 190, 194, 195, 196, 199, 200, 201, 202, 205, 207, 208, 209, 210, 212, 220, 221, 222, 225, 226, 231, 233, 234, 235, 237, 239, 241, 243, 244, 245, 247, 249, 250, 251, 255, 261, 262, 266, 267, 271, 272, 274, 276, 277, 278, 280, 281, 285, 286, 287, 289, 290, 291, 293, 301, 302, 303, 305, 306, 307, 309, 310, 312, 320, 321, 323, 324, 325, 327, 328, 329, 330, 331, 338, 339, 340, 345, 349, 350, 353, 362, 363, 365, 367, 368, 369, 371, 372, 374, 375, 376, 378, 379, 380, 381, 382, 385, 386, 390, 395, 404, 413, 416, 420, 421, 428, 431, 432, 436, 453, 454, 457, 458, 459, 462, 463, 465], "excluded_lines": []}, "": {"executed_lines": [1, 5, 7, 8, 9, 10, 11, 12, 14, 15, 17, 18, 19, 21, 24, 27, 28, 30, 41, 42, 48, 49, 52, 53, 55, 63, 81, 106, 153, 162, 192, 216, 269, 283, 299, 318, 333, 355, 388, 397, 418, 434, 450, 469], "summary": {"covered_lines": 41, "num_statements": 42, "percent_covered": 97.61904761904762, "percent_covered_display": "97.62", "missing_lines": 1, "excluded_lines": 0}, "missing_lines": [22], "excluded_lines": []}}}, "app/services/websocket_service.py": {"executed_lines": [1, 5, 7, 8, 9, 11, 13, 16, 19, 20, 22, 24, 26, 40, 49, 56, 75, 86, 104, 117, 126], "summary": {"covered_lines": 19, "num_statements": 55, "percent_covered": 34.54545454545455, "percent_covered_display": "34.55", "missing_lines": 36, "excluded_lines": 0}, "missing_lines": [14, 28, 30, 31, 33, 34, 42, 43, 44, 45, 47, 51, 52, 53, 54, 58, 59, 61, 62, 64, 65, 66, 67, 68, 69, 72, 73, 77, 90, 99, 102, 106, 108, 114, 115, 119], "excluded_lines": [], "functions": {"WebSocketManager.__init__": {"executed_lines": [24], "summary": {"covered_lines": 1, "num_statements": 1, "percent_covered": 100.0, "percent_covered_display": "100.00", "missing_lines": 0, "excluded_lines": 0}, "missing_lines": [], "excluded_lines": []}, "WebSocketManager.connect": {"executed_lines": [], "summary": {"covered_lines": 0, "num_statements": 5, "percent_covered": 0.0, "percent_covered_display": "0.00", "missing_lines": 5, "excluded_lines": 0}, "missing_lines": [28, 30, 31, 33, 34], "excluded_lines": []}, "WebSocketManager.disconnect": {"executed_lines": [], "summary": {"covered_lines": 0, "num_statements": 5, "percent_covered": 0.0, "percent_covered_display": "0.00", "missing_lines": 5, "excluded_lines": 0}, "missing_lines": [42, 43, 44, 45, 47], "excluded_lines": []}, "WebSocketManager.send_message_to_connection": {"executed_lines": [], "summary": {"covered_lines": 0, "num_statements": 4, "percent_covered": 0.0, "percent_covered_display": "0.00", "missing_lines": 4, "excluded_lines": 0}, "missing_lines": [51, 52, 53, 54], "excluded_lines": []}, "WebSocketManager.broadcast_to_channel": {"executed_lines": [], "summary": {"covered_lines": 0, "num_statements": 12, "percent_covered": 0.0, "percent_covered_display": "0.00", "missing_lines": 12, "excluded_lines": 0}, "missing_lines": [58, 59, 61, 62, 64, 65, 66, 67, 68, 69, 72, 73], "excluded_lines": []}, "WebSocketManager.broadcast_trend_update": {"executed_lines": [], "summary": {"covered_lines": 0, "num_statements": 1, "percent_covered": 0.0, "percent_covered_display": "0.00", "missing_lines": 1, "excluded_lines": 0}, "missing_lines": [77], "excluded_lines": []}, "WebSocketManager.broadcast_trust_score_update": {"executed_lines": [], "summary": {"covered_lines": 0, "num_statements": 3, "percent_covered": 0.0, "percent_covered_display": "0.00", "missing_lines": 3, "excluded_lines": 0}, "missing_lines": [90, 99, 102], "excluded_lines": []}, "WebSocketManager.broadcast_story_update": {"executed_lines": [], "summary": {"covered_lines": 0, "num_statements": 4, "percent_covered": 0.0, "percent_covered_display": "0.00", "missing_lines": 4, "excluded_lines": 0}, "missing_lines": [106, 108, 114, 115], "excluded_lines": []}, "WebSocketManager.get_channel_stats": {"executed_lines": [], "summary": {"covered_lines": 0, "num_statements": 1, "percent_covered": 0.0, "percent_covered_display": "0.00", "missing_lines": 1, "excluded_lines": 0}, "missing_lines": [119], "excluded_lines": []}, "": {"executed_lines": [1, 5, 7, 8, 9, 11, 13, 16, 19, 20, 22, 26, 40, 49, 56, 75, 86, 104, 117, 126], "summary": {"covered_lines": 18, "num_statements": 19, "percent_covered": 94.73684210526316, "percent_covered_display": "94.74", "missing_lines": 1, "excluded_lines": 0}, "missing_lines": [14], "excluded_lines": []}}, "classes": {"WebSocketManager": {"executed_lines": [24], "summary": {"covered_lines": 1, "num_statements": 36, "percent_covered": 2.7777777777777777, "percent_covered_display": "2.78", "missing_lines": 35, "excluded_lines": 0}, "missing_lines": [28, 30, 31, 33, 34, 42, 43, 44, 45, 47, 51, 52, 53, 54, 58, 59, 61, 62, 64, 65, 66, 67, 68, 69, 72, 73, 77, 90, 99, 102, 106, 108, 114, 115, 119], "excluded_lines": []}, "": {"executed_lines": [1, 5, 7, 8, 9, 11, 13, 16, 19, 20, 22, 26, 40, 49, 56, 75, 86, 104, 117, 126], "summary": {"covered_lines": 18, "num_statements": 19, "percent_covered": 94.73684210526316, "percent_covered_display": "94.74", "missing_lines": 1, "excluded_lines": 0}, "missing_lines": [14], "excluded_lines": []}}}}, "totals": {"covered_lines": 876, "num_statements": 2585, "percent_covered": 33.887814313346226, "percent_covered_display": "33.89", "missing_lines": 1709, "excluded_lines": 3}}